#
# There is insufficient memory for the Java Runtime Environment to continue.
# Native memory allocation (mmap) failed to map 197132288 bytes for G1 virtual space
# Possible reasons:
#   The system is out of physical RAM or swap space
#   The process is running with CompressedOops enabled, and the Java Heap may be blocking the growth of the native heap
# Possible solutions:
#   Reduce memory load on the system
#   Increase physical memory or swap space
#   Check if swap backing store is full
#   Decrease Java heap size (-Xmx/-Xms)
#   Decrease number of Java threads
#   Decrease Java thread stack sizes (-Xss)
#   Set larger code cache with -XX:ReservedCodeCacheSize=
#   JVM is running with Zero Based Compressed Oops mode in which the Java heap is
#     placed in the first 32GB address space. The Java Heap base address is the
#     maximum limit for the native heap growth. Please use -XX:HeapBaseMinAddress
#     to set the Java Heap base and to place the Java Heap above 32GB virtual address.
# This output file may be truncated or incomplete.
#
#  Out of Memory Error (os_windows.cpp:3600), pid=10352, tid=3536
#
# JRE version: Java(TM) SE Runtime Environment (21.0.4+8) (build 21.0.4+8-LTS-274)
# Java VM: Java HotSpot(TM) 64-Bit Server VM (21.0.4+8-LTS-274, mixed mode, sharing, tiered, compressed oops, compressed class ptrs, g1 gc, windows-amd64)
# No core dump will be written. Minidumps are not enabled by default on client versions of Windows
#

---------------  S U M M A R Y ------------

Command Line: -DkotlinLanguageServer.version=1.3.13 org.javacs.kt.MainKt

Host: 11th Gen Intel(R) Core(TM) i5-11300H @ 3.10GHz, 8 cores, 23G,  Windows 11 , 64 bit Build 26100 (10.0.26100.6725)
Time: Sun Oct  5 19:15:06 2025 Russia TZ 2 Standard Time elapsed time: 85.293061 seconds (0d 0h 1m 25s)

---------------  T H R E A D  ---------------

Current thread (0x0000023ddb90b800):  VMThread "VM Thread"          [id=3536, stack(0x0000003fa4f00000,0x0000003fa5000000) (1024K)]

Stack: [0x0000003fa4f00000,0x0000003fa5000000]
Native frames: (J=compiled Java code, j=interpreted, Vv=VM code, C=native code)
V  [jvm.dll+0x6c8e59]
V  [jvm.dll+0x853181]
V  [jvm.dll+0x8556ae]
V  [jvm.dll+0x855d83]
V  [jvm.dll+0x27d526]
V  [jvm.dll+0x6c55f5]
V  [jvm.dll+0x6ba17a]
V  [jvm.dll+0x352a8a]
V  [jvm.dll+0x35a6e6]
V  [jvm.dll+0x3acdae]
V  [jvm.dll+0x3ad058]
V  [jvm.dll+0x326dec]
V  [jvm.dll+0x329646]
V  [jvm.dll+0x3335f8]
V  [jvm.dll+0x3698e5]
V  [jvm.dll+0x85bb50]
V  [jvm.dll+0x85ced4]
V  [jvm.dll+0x85d410]
V  [jvm.dll+0x85d6b3]
V  [jvm.dll+0x7fd65b]
V  [jvm.dll+0x6c753d]
C  [ucrtbase.dll+0x37b0]
C  [KERNEL32.DLL+0x2e8d7]
C  [ntdll.dll+0x8c53c]

VM_Operation (0x0000003fa4aff940): G1PauseRemark, mode: safepoint, requested by thread 0x0000023dba0bb870


---------------  P R O C E S S  ---------------

Threads class SMR info:
_java_thread_list=0x0000023e2b971960, length=18, elements={
0x0000023ddb92af40, 0x0000023ddb92c8c0, 0x0000023ddb932060, 0x0000023ddb9337e0,
0x0000023ddb934240, 0x0000023ddb934ca0, 0x0000023ddb936750, 0x0000023ddb93a5a0,
0x0000023ddbb9ecf0, 0x0000023ddbba1780, 0x0000023e2259d490, 0x0000023e21b9ed70,
0x0000023e2b43f870, 0x0000023e22686660, 0x0000023e2afdfc30, 0x0000023e2d029a90,
0x0000023e21194c20, 0x0000023e21193f00
}

Java Threads: ( => current thread )
  0x0000023ddb92af40 JavaThread "Reference Handler"          daemon [_thread_blocked, id=5704, stack(0x0000003fa5000000,0x0000003fa5100000) (1024K)]
  0x0000023ddb92c8c0 JavaThread "Finalizer"                  daemon [_thread_blocked, id=13752, stack(0x0000003fa5100000,0x0000003fa5200000) (1024K)]
  0x0000023ddb932060 JavaThread "Signal Dispatcher"          daemon [_thread_blocked, id=348, stack(0x0000003fa5200000,0x0000003fa5300000) (1024K)]
  0x0000023ddb9337e0 JavaThread "Attach Listener"            daemon [_thread_blocked, id=6268, stack(0x0000003fa5300000,0x0000003fa5400000) (1024K)]
  0x0000023ddb934240 JavaThread "Service Thread"             daemon [_thread_blocked, id=11372, stack(0x0000003fa5400000,0x0000003fa5500000) (1024K)]
  0x0000023ddb934ca0 JavaThread "Monitor Deflation Thread"   daemon [_thread_blocked, id=20488, stack(0x0000003fa5500000,0x0000003fa5600000) (1024K)]
  0x0000023ddb936750 JavaThread "C2 CompilerThread0"         daemon [_thread_blocked, id=6616, stack(0x0000003fa5600000,0x0000003fa5700000) (1024K)]
  0x0000023ddb93a5a0 JavaThread "C1 CompilerThread0"         daemon [_thread_blocked, id=14536, stack(0x0000003fa5700000,0x0000003fa5800000) (1024K)]
  0x0000023ddbb9ecf0 JavaThread "Notification Thread"        daemon [_thread_blocked, id=18976, stack(0x0000003fa5800000,0x0000003fa5900000) (1024K)]
  0x0000023ddbba1780 JavaThread "Common-Cleaner"             daemon [_thread_blocked, id=23900, stack(0x0000003fa5900000,0x0000003fa5a00000) (1024K)]
  0x0000023e2259d490 JavaThread "client"                            [_thread_blocked, id=19356, stack(0x0000003fa6200000,0x0000003fa6300000) (1024K)]
  0x0000023e21b9ed70 JavaThread "DestroyJavaVM"                     [_thread_blocked, id=6908, stack(0x0000003fa4800000,0x0000003fa4900000) (1024K)]
  0x0000023e2b43f870 JavaThread "async0"                            [_thread_blocked, id=6228, stack(0x0000003fa6400000,0x0000003fa6500000) (1024K)]
  0x0000023e22686660 JavaThread "async1"                            [_thread_blocked, id=25972, stack(0x0000003fa6100000,0x0000003fa6200000) (1024K)]
  0x0000023e2afdfc30 JavaThread "debounce0"                         [_thread_blocked, id=15296, stack(0x0000003fa6700000,0x0000003fa6800000) (1024K)]
  0x0000023e2d029a90 JavaThread "async2"                            [_thread_blocked, id=26024, stack(0x0000003fa6600000,0x0000003fa6700000) (1024K)]
  0x0000023e21194c20 JavaThread "Thread-1"                          [_thread_in_native, id=26648, stack(0x0000003fa6500000,0x0000003fa6600000) (1024K)]
  0x0000023e21193f00 JavaThread "Thread-2"                          [_thread_in_native, id=26940, stack(0x0000003fa6800000,0x0000003fa6900000) (1024K)]
Total: 18

Other Threads:
=>0x0000023ddb90b800 VMThread "VM Thread"                           [id=3536, stack(0x0000003fa4f00000,0x0000003fa5000000) (1024K)]
  0x0000023ddb8f2e00 WatcherThread "VM Periodic Task Thread"        [id=24428, stack(0x0000003fa4e00000,0x0000003fa4f00000) (1024K)]
  0x0000023dba0ade70 WorkerThread "GC Thread#0"                     [id=23488, stack(0x0000003fa4900000,0x0000003fa4a00000) (1024K)]
  0x0000023e2135ad90 WorkerThread "GC Thread#1"                     [id=5904, stack(0x0000003fa5a00000,0x0000003fa5b00000) (1024K)]
  0x0000023e2135b130 WorkerThread "GC Thread#2"                     [id=21476, stack(0x0000003fa5b00000,0x0000003fa5c00000) (1024K)]
  0x0000023e2135b4d0 WorkerThread "GC Thread#3"                     [id=11496, stack(0x0000003fa5c00000,0x0000003fa5d00000) (1024K)]
  0x0000023e2135b870 WorkerThread "GC Thread#4"                     [id=11604, stack(0x0000003fa5d00000,0x0000003fa5e00000) (1024K)]
  0x0000023e216d57d0 WorkerThread "GC Thread#5"                     [id=7368, stack(0x0000003fa5e00000,0x0000003fa5f00000) (1024K)]
  0x0000023e216d5b70 WorkerThread "GC Thread#6"                     [id=11692, stack(0x0000003fa5f00000,0x0000003fa6000000) (1024K)]
  0x0000023e216d5f10 WorkerThread "GC Thread#7"                     [id=25784, stack(0x0000003fa6000000,0x0000003fa6100000) (1024K)]
  0x0000023dba0bb870 ConcurrentGCThread "G1 Main Marker"            [id=15172, stack(0x0000003fa4a00000,0x0000003fa4b00000) (1024K)]
  0x0000023dba0bc370 WorkerThread "G1 Conc#0"                       [id=17968, stack(0x0000003fa4b00000,0x0000003fa4c00000) (1024K)]
  0x0000023e2201ad30 WorkerThread "G1 Conc#1"                       [id=2396, stack(0x0000003fa6300000,0x0000003fa6400000) (1024K)]
  0x0000023ddb7c12e0 ConcurrentGCThread "G1 Refine#0"               [id=21864, stack(0x0000003fa4c00000,0x0000003fa4d00000) (1024K)]
  0x0000023ddb7c1e50 ConcurrentGCThread "G1 Service"                [id=28592, stack(0x0000003fa4d00000,0x0000003fa4e00000) (1024K)]
Total: 15

Threads with active compile tasks:
C2 CompilerThread0    85315 17321   !   4       org.jetbrains.kotlin.cli.jvm.index.JvmDependenciesIndexImpl::findClasses (415 bytes)
Total: 1

VM state: at safepoint (normal execution)

VM Mutex/Monitor currently owned by a thread:  ([mutex/lock_event])
[0x00007ff8aec77e98] Threads_lock - owner thread: 0x0000023ddb90b800
[0x00007ff8aec77f98] Heap_lock - owner thread: 0x0000023dba0bb870

Heap address: 0x0000000683c00000, size: 6084 MB, Compressed Oops mode: Zero based, Oop shift amount: 3

CDS archive(s) mapped at: [0x0000023ddc000000-0x0000023ddcc90000-0x0000023ddcc90000), size 13172736, SharedBaseAddress: 0x0000023ddc000000, ArchiveRelocationMode: 1.
Compressed class space mapped at: 0x0000023ddd000000-0x0000023e1d000000, reserved size: 1073741824
Narrow klass base: 0x0000023ddc000000, Narrow klass shift: 0, Narrow klass range: 0x100000000

GC Precious Log:
 CardTable entry size: 512
 Card Set container configuration: InlinePtr #cards 4 size 8 Array Of Cards #cards 32 size 80 Howl #buckets 8 coarsen threshold 7372 Howl Bitmap #cards 1024 size 144 coarsen threshold 921 Card regions per heap region 1 cards per card region 8192
 CPUs: 8 total, 8 available
 Memory: 24321M
 Large Page Support: Disabled
 NUMA Support: Disabled
 Compressed Oops: Enabled (Zero based)
 Heap Region Size: 4M
 Heap Min Capacity: 8M
 Heap Initial Capacity: 384M
 Heap Max Capacity: 6084M
 Pre-touch: Disabled
 Parallel Workers: 8
 Concurrent Workers: 2
 Concurrent Refinement Workers: 8
 Periodic GC: Disabled

Heap:
 garbage-first heap   total 724992K, used 537990K [0x0000000683c00000, 0x0000000800000000)
  region size 4096K, 26 young (106496K), 8 survivors (32768K)
 Metaspace       used 80319K, committed 81344K, reserved 1179648K
  class space    used 8903K, committed 9408K, reserved 1048576K

Heap Regions: E=young(eden), S=young(survivor), O=old, HS=humongous(starts), HC=humongous(continues), CS=collection set, F=free, TAMS=top-at-mark-start, PB=parsable bottom
|   0|0x0000000683c00000, 0x0000000684000000, 0x0000000684000000|100%|HS|  |TAMS 0x0000000684000000| PB 0x0000000683c00000| Complete 
|   1|0x0000000684000000, 0x0000000684400000, 0x0000000684400000|100%| O|  |TAMS 0x0000000684400000| PB 0x0000000684400000| Untracked 
|   2|0x0000000684400000, 0x0000000684800000, 0x0000000684800000|100%| O|  |TAMS 0x0000000684800000| PB 0x0000000684800000| Untracked 
|   3|0x0000000684800000, 0x0000000684c00000, 0x0000000684c00000|100%| O|  |TAMS 0x0000000684c00000| PB 0x0000000684c00000| Untracked 
|   4|0x0000000684c00000, 0x0000000685000000, 0x0000000685000000|100%| O|  |TAMS 0x0000000685000000| PB 0x0000000685000000| Untracked 
|   5|0x0000000685000000, 0x0000000685400000, 0x0000000685400000|100%| O|  |TAMS 0x0000000685400000| PB 0x0000000685400000| Untracked 
|   6|0x0000000685400000, 0x0000000685800000, 0x0000000685800000|100%| O|  |TAMS 0x0000000685800000| PB 0x0000000685800000| Untracked 
|   7|0x0000000685800000, 0x0000000685c00000, 0x0000000685c00000|100%| O|  |TAMS 0x0000000685c00000| PB 0x0000000685c00000| Untracked 
|   8|0x0000000685c00000, 0x0000000686000000, 0x0000000686000000|100%| O|  |TAMS 0x0000000686000000| PB 0x0000000686000000| Untracked 
|   9|0x0000000686000000, 0x0000000686400000, 0x0000000686400000|100%| O|  |TAMS 0x0000000686400000| PB 0x0000000686400000| Untracked 
|  10|0x0000000686400000, 0x0000000686800000, 0x0000000686800000|100%| O|  |TAMS 0x0000000686800000| PB 0x0000000686800000| Untracked 
|  11|0x0000000686800000, 0x0000000686c00000, 0x0000000686c00000|100%| O|  |TAMS 0x0000000686c00000| PB 0x0000000686c00000| Updating 
|  12|0x0000000686c00000, 0x0000000687000000, 0x0000000687000000|100%| O|  |TAMS 0x0000000687000000| PB 0x0000000687000000| Updating 
|  13|0x0000000687000000, 0x0000000687400000, 0x0000000687400000|100%| O|  |TAMS 0x0000000687400000| PB 0x0000000687400000| Untracked 
|  14|0x0000000687400000, 0x0000000687800000, 0x0000000687800000|100%| O|  |TAMS 0x0000000687800000| PB 0x0000000687800000| Untracked 
|  15|0x0000000687800000, 0x0000000687c00000, 0x0000000687c00000|100%| O|  |TAMS 0x0000000687c00000| PB 0x0000000687c00000| Untracked 
|  16|0x0000000687c00000, 0x0000000688000000, 0x0000000688000000|100%| O|  |TAMS 0x0000000688000000| PB 0x0000000688000000| Untracked 
|  17|0x0000000688000000, 0x0000000688400000, 0x0000000688400000|100%| O|  |TAMS 0x0000000688400000| PB 0x0000000688400000| Untracked 
|  18|0x0000000688400000, 0x0000000688800000, 0x0000000688800000|100%| O|  |TAMS 0x0000000688800000| PB 0x0000000688800000| Untracked 
|  19|0x0000000688800000, 0x0000000688c00000, 0x0000000688c00000|100%| O|  |TAMS 0x0000000688c00000| PB 0x0000000688c00000| Untracked 
|  20|0x0000000688c00000, 0x0000000689000000, 0x0000000689000000|100%| O|  |TAMS 0x0000000689000000| PB 0x0000000689000000| Untracked 
|  21|0x0000000689000000, 0x0000000689400000, 0x0000000689400000|100%| O|  |TAMS 0x0000000689400000| PB 0x0000000689400000| Updating 
|  22|0x0000000689400000, 0x0000000689800000, 0x0000000689800000|100%| O|  |TAMS 0x0000000689800000| PB 0x0000000689800000| Untracked 
|  23|0x0000000689800000, 0x0000000689c00000, 0x0000000689c00000|100%| O|  |TAMS 0x0000000689c00000| PB 0x0000000689c00000| Untracked 
|  24|0x0000000689c00000, 0x000000068a000000, 0x000000068a000000|100%| O|  |TAMS 0x000000068a000000| PB 0x000000068a000000| Untracked 
|  25|0x000000068a000000, 0x000000068a400000, 0x000000068a400000|100%| O|  |TAMS 0x000000068a400000| PB 0x000000068a400000| Updating 
|  26|0x000000068a400000, 0x000000068a800000, 0x000000068a800000|100%| O|  |TAMS 0x000000068a800000| PB 0x000000068a800000| Updating 
|  27|0x000000068a800000, 0x000000068ac00000, 0x000000068ac00000|100%| O|  |TAMS 0x000000068ac00000| PB 0x000000068ac00000| Updating 
|  28|0x000000068ac00000, 0x000000068b000000, 0x000000068b000000|100%| O|  |TAMS 0x000000068b000000| PB 0x000000068b000000| Untracked 
|  29|0x000000068b000000, 0x000000068b400000, 0x000000068b400000|100%| O|  |TAMS 0x000000068b400000| PB 0x000000068b400000| Untracked 
|  30|0x000000068b400000, 0x000000068b800000, 0x000000068b800000|100%| O|  |TAMS 0x000000068b800000| PB 0x000000068b800000| Untracked 
|  31|0x000000068b800000, 0x000000068bc00000, 0x000000068bc00000|100%| O|  |TAMS 0x000000068bc00000| PB 0x000000068bc00000| Updating 
|  32|0x000000068bc00000, 0x000000068c000000, 0x000000068c000000|100%| O|  |TAMS 0x000000068c000000| PB 0x000000068c000000| Updating 
|  33|0x000000068c000000, 0x000000068c400000, 0x000000068c400000|100%| O|  |TAMS 0x000000068c400000| PB 0x000000068c400000| Untracked 
|  34|0x000000068c400000, 0x000000068c800000, 0x000000068c800000|100%| O|  |TAMS 0x000000068c800000| PB 0x000000068c800000| Updating 
|  35|0x000000068c800000, 0x000000068cc00000, 0x000000068cc00000|100%| O|  |TAMS 0x000000068cc00000| PB 0x000000068cc00000| Untracked 
|  36|0x000000068cc00000, 0x000000068d000000, 0x000000068d000000|100%| O|  |TAMS 0x000000068d000000| PB 0x000000068d000000| Untracked 
|  37|0x000000068d000000, 0x000000068d400000, 0x000000068d400000|100%| O|  |TAMS 0x000000068d400000| PB 0x000000068d400000| Updating 
|  38|0x000000068d400000, 0x000000068d800000, 0x000000068d800000|100%| O|  |TAMS 0x000000068d800000| PB 0x000000068d800000| Untracked 
|  39|0x000000068d800000, 0x000000068dc00000, 0x000000068dc00000|100%| O|  |TAMS 0x000000068dc00000| PB 0x000000068dc00000| Untracked 
|  40|0x000000068dc00000, 0x000000068e000000, 0x000000068e000000|100%| O|  |TAMS 0x000000068e000000| PB 0x000000068e000000| Untracked 
|  41|0x000000068e000000, 0x000000068e400000, 0x000000068e400000|100%| O|  |TAMS 0x000000068e400000| PB 0x000000068e400000| Untracked 
|  42|0x000000068e400000, 0x000000068e800000, 0x000000068e800000|100%| O|  |TAMS 0x000000068e800000| PB 0x000000068e800000| Untracked 
|  43|0x000000068e800000, 0x000000068ec00000, 0x000000068ec00000|100%| O|  |TAMS 0x000000068ec00000| PB 0x000000068ec00000| Updating 
|  44|0x000000068ec00000, 0x000000068f000000, 0x000000068f000000|100%| O|  |TAMS 0x000000068f000000| PB 0x000000068f000000| Updating 
|  45|0x000000068f000000, 0x000000068f400000, 0x000000068f400000|100%| O|  |TAMS 0x000000068f400000| PB 0x000000068f400000| Untracked 
|  46|0x000000068f400000, 0x000000068f800000, 0x000000068f800000|100%| O|  |TAMS 0x000000068f800000| PB 0x000000068f800000| Untracked 
|  47|0x000000068f800000, 0x000000068fc00000, 0x000000068fc00000|100%| O|  |TAMS 0x000000068f800000| PB 0x000000068f800000| Untracked 
|  48|0x000000068fc00000, 0x0000000690000000, 0x0000000690000000|100%| O|  |TAMS 0x0000000690000000| PB 0x0000000690000000| Untracked 
|  49|0x0000000690000000, 0x0000000690400000, 0x0000000690400000|100%| O|  |TAMS 0x0000000690400000| PB 0x0000000690400000| Untracked 
|  50|0x0000000690400000, 0x0000000690800000, 0x0000000690800000|100%| O|  |TAMS 0x0000000690800000| PB 0x0000000690800000| Untracked 
|  51|0x0000000690800000, 0x0000000690c00000, 0x0000000690c00000|100%| O|  |TAMS 0x0000000690c00000| PB 0x0000000690c00000| Untracked 
|  52|0x0000000690c00000, 0x0000000691000000, 0x0000000691000000|100%| O|  |TAMS 0x0000000691000000| PB 0x0000000691000000| Untracked 
|  53|0x0000000691000000, 0x0000000691400000, 0x0000000691400000|100%| O|  |TAMS 0x0000000691400000| PB 0x0000000691400000| Updating 
|  54|0x0000000691400000, 0x0000000691800000, 0x0000000691800000|100%| O|  |TAMS 0x0000000691800000| PB 0x0000000691800000| Updating 
|  55|0x0000000691800000, 0x0000000691c00000, 0x0000000691c00000|100%| O|  |TAMS 0x0000000691c00000| PB 0x0000000691c00000| Untracked 
|  56|0x0000000691c00000, 0x0000000692000000, 0x0000000692000000|100%| O|  |TAMS 0x0000000692000000| PB 0x0000000692000000| Untracked 
|  57|0x0000000692000000, 0x0000000692400000, 0x0000000692400000|100%| O|  |TAMS 0x0000000692400000| PB 0x0000000692400000| Untracked 
|  58|0x0000000692400000, 0x0000000692800000, 0x0000000692800000|100%| O|  |TAMS 0x0000000692800000| PB 0x0000000692800000| Untracked 
|  59|0x0000000692800000, 0x0000000692c00000, 0x0000000692c00000|100%| O|  |TAMS 0x0000000692c00000| PB 0x0000000692c00000| Untracked 
|  60|0x0000000692c00000, 0x0000000693000000, 0x0000000693000000|100%| O|  |TAMS 0x0000000693000000| PB 0x0000000693000000| Updating 
|  61|0x0000000693000000, 0x0000000693400000, 0x0000000693400000|100%| O|  |TAMS 0x0000000693400000| PB 0x0000000693400000| Updating 
|  62|0x0000000693400000, 0x0000000693800000, 0x0000000693800000|100%| O|  |TAMS 0x0000000693800000| PB 0x0000000693800000| Updating 
|  63|0x0000000693800000, 0x0000000693c00000, 0x0000000693c00000|100%| O|  |TAMS 0x0000000693c00000| PB 0x0000000693c00000| Untracked 
|  64|0x0000000693c00000, 0x0000000694000000, 0x0000000694000000|100%| O|  |TAMS 0x0000000694000000| PB 0x0000000694000000| Untracked 
|  65|0x0000000694000000, 0x0000000694400000, 0x0000000694400000|100%| O|  |TAMS 0x0000000694400000| PB 0x0000000694400000| Untracked 
|  66|0x0000000694400000, 0x0000000694800000, 0x0000000694800000|100%| O|  |TAMS 0x0000000694800000| PB 0x0000000694800000| Untracked 
|  67|0x0000000694800000, 0x0000000694c00000, 0x0000000694c00000|100%| O|  |TAMS 0x0000000694c00000| PB 0x0000000694c00000| Untracked 
|  68|0x0000000694c00000, 0x0000000695000000, 0x0000000695000000|100%| O|  |TAMS 0x0000000695000000| PB 0x0000000695000000| Untracked 
|  69|0x0000000695000000, 0x0000000695400000, 0x0000000695400000|100%| O|  |TAMS 0x0000000695400000| PB 0x0000000695400000| Untracked 
|  70|0x0000000695400000, 0x0000000695800000, 0x0000000695800000|100%| O|  |TAMS 0x0000000695800000| PB 0x0000000695800000| Updating 
|  71|0x0000000695800000, 0x0000000695c00000, 0x0000000695c00000|100%| O|  |TAMS 0x0000000695c00000| PB 0x0000000695c00000| Untracked 
|  72|0x0000000695c00000, 0x0000000696000000, 0x0000000696000000|100%| O|  |TAMS 0x0000000696000000| PB 0x0000000696000000| Untracked 
|  73|0x0000000696000000, 0x0000000696400000, 0x0000000696400000|100%| O|  |TAMS 0x0000000696400000| PB 0x0000000696400000| Untracked 
|  74|0x0000000696400000, 0x0000000696800000, 0x0000000696800000|100%| O|  |TAMS 0x0000000696800000| PB 0x0000000696800000| Untracked 
|  75|0x0000000696800000, 0x0000000696c00000, 0x0000000696c00000|100%| O|  |TAMS 0x0000000696c00000| PB 0x0000000696c00000| Updating 
|  76|0x0000000696c00000, 0x0000000697000000, 0x0000000697000000|100%| O|  |TAMS 0x0000000697000000| PB 0x0000000697000000| Untracked 
|  77|0x0000000697000000, 0x0000000697400000, 0x0000000697400000|100%| O|  |TAMS 0x0000000697000000| PB 0x0000000697000000| Untracked 
|  78|0x0000000697400000, 0x0000000697800000, 0x0000000697800000|100%| O|  |TAMS 0x0000000697800000| PB 0x0000000697800000| Untracked 
|  79|0x0000000697800000, 0x0000000697c00000, 0x0000000697c00000|100%| O|  |TAMS 0x0000000697800000| PB 0x0000000697800000| Untracked 
|  80|0x0000000697c00000, 0x0000000698000000, 0x0000000698000000|100%| O|  |TAMS 0x0000000697c00000| PB 0x0000000697c00000| Untracked 
|  81|0x0000000698000000, 0x0000000698400000, 0x0000000698400000|100%| O|  |TAMS 0x0000000698400000| PB 0x0000000698400000| Updating 
|  82|0x0000000698400000, 0x0000000698800000, 0x0000000698800000|100%| O|  |TAMS 0x0000000698800000| PB 0x0000000698800000| Untracked 
|  83|0x0000000698800000, 0x0000000698c00000, 0x0000000698c00000|100%| O|  |TAMS 0x0000000698c00000| PB 0x0000000698c00000| Untracked 
|  84|0x0000000698c00000, 0x0000000699000000, 0x0000000699000000|100%| O|  |TAMS 0x0000000699000000| PB 0x0000000699000000| Untracked 
|  85|0x0000000699000000, 0x0000000699400000, 0x0000000699400000|100%| O|  |TAMS 0x0000000699400000| PB 0x0000000699400000| Untracked 
|  86|0x0000000699400000, 0x0000000699800000, 0x0000000699800000|100%| O|  |TAMS 0x0000000699400000| PB 0x0000000699400000| Untracked 
|  87|0x0000000699800000, 0x0000000699c00000, 0x0000000699c00000|100%| O|  |TAMS 0x0000000699c00000| PB 0x0000000699c00000| Updating 
|  88|0x0000000699c00000, 0x000000069a000000, 0x000000069a000000|100%| O|  |TAMS 0x000000069a000000| PB 0x000000069a000000| Untracked 
|  89|0x000000069a000000, 0x000000069a400000, 0x000000069a400000|100%| O|  |TAMS 0x000000069a400000| PB 0x000000069a400000| Updating 
|  90|0x000000069a400000, 0x000000069a800000, 0x000000069a800000|100%|HS|  |TAMS 0x000000069a800000| PB 0x000000069a400000| Complete 
|  91|0x000000069a800000, 0x000000069ac00000, 0x000000069ac00000|100%|HC|  |TAMS 0x000000069ac00000| PB 0x000000069a800000| Complete 
|  92|0x000000069ac00000, 0x000000069b000000, 0x000000069b000000|100%| O|  |TAMS 0x000000069b000000| PB 0x000000069b000000| Untracked 
|  93|0x000000069b000000, 0x000000069b400000, 0x000000069b400000|100%| O|  |TAMS 0x000000069b400000| PB 0x000000069b400000| Untracked 
|  94|0x000000069b400000, 0x000000069b800000, 0x000000069b800000|100%| O|  |TAMS 0x000000069b800000| PB 0x000000069b800000| Untracked 
|  95|0x000000069b800000, 0x000000069bc00000, 0x000000069bc00000|100%| O|  |TAMS 0x000000069bc00000| PB 0x000000069bc00000| Untracked 
|  96|0x000000069bc00000, 0x000000069c000000, 0x000000069c000000|100%| O|  |TAMS 0x000000069c000000| PB 0x000000069c000000| Untracked 
|  97|0x000000069c000000, 0x000000069c400000, 0x000000069c400000|100%| O|  |TAMS 0x000000069c400000| PB 0x000000069c400000| Untracked 
|  98|0x000000069c400000, 0x000000069c800000, 0x000000069c800000|100%| O|  |TAMS 0x000000069c800000| PB 0x000000069c800000| Updating 
|  99|0x000000069c800000, 0x000000069cc00000, 0x000000069cc00000|100%| O|  |TAMS 0x000000069cc00000| PB 0x000000069cc00000| Untracked 
| 100|0x000000069cc00000, 0x000000069d000000, 0x000000069d000000|100%| O|  |TAMS 0x000000069d000000| PB 0x000000069d000000| Updating 
| 101|0x000000069d000000, 0x000000069d400000, 0x000000069d400000|100%| O|  |TAMS 0x000000069d081db0| PB 0x000000069d081db0| Untracked 
| 102|0x000000069d400000, 0x000000069d800000, 0x000000069d800000|100%| O|  |TAMS 0x000000069d400000| PB 0x000000069d400000| Untracked 
| 103|0x000000069d800000, 0x000000069d800000, 0x000000069dc00000|  0%| F|  |TAMS 0x000000069d800000| PB 0x000000069d800000| Untracked 
| 104|0x000000069dc00000, 0x000000069dc00000, 0x000000069e000000|  0%| F|  |TAMS 0x000000069dc00000| PB 0x000000069dc00000| Untracked 
| 105|0x000000069e000000, 0x000000069e000000, 0x000000069e400000|  0%| F|  |TAMS 0x000000069e000000| PB 0x000000069e000000| Untracked 
| 106|0x000000069e400000, 0x000000069e400000, 0x000000069e800000|  0%| F|  |TAMS 0x000000069e400000| PB 0x000000069e400000| Untracked 
| 107|0x000000069e800000, 0x000000069e800000, 0x000000069ec00000|  0%| F|  |TAMS 0x000000069e800000| PB 0x000000069e800000| Untracked 
| 108|0x000000069ec00000, 0x000000069ec00000, 0x000000069f000000|  0%| F|  |TAMS 0x000000069ec00000| PB 0x000000069ec00000| Untracked 
| 109|0x000000069f000000, 0x000000069f000000, 0x000000069f400000|  0%| F|  |TAMS 0x000000069f000000| PB 0x000000069f000000| Untracked 
| 110|0x000000069f400000, 0x000000069f400000, 0x000000069f800000|  0%| F|  |TAMS 0x000000069f400000| PB 0x000000069f400000| Untracked 
| 111|0x000000069f800000, 0x000000069f961820, 0x000000069fc00000| 34%| O|  |TAMS 0x000000069f800000| PB 0x000000069f800000| Updating 
| 112|0x000000069fc00000, 0x000000069fc00000, 0x00000006a0000000|  0%| F|  |TAMS 0x000000069fc00000| PB 0x000000069fc00000| Untracked 
| 113|0x00000006a0000000, 0x00000006a0000000, 0x00000006a0400000|  0%| F|  |TAMS 0x00000006a0000000| PB 0x00000006a0000000| Untracked 
| 114|0x00000006a0400000, 0x00000006a0400000, 0x00000006a0800000|  0%| F|  |TAMS 0x00000006a0400000| PB 0x00000006a0400000| Untracked 
| 115|0x00000006a0800000, 0x00000006a0c00000, 0x00000006a0c00000|100%| S|CS|TAMS 0x00000006a0800000| PB 0x00000006a0800000| Complete 
| 116|0x00000006a0c00000, 0x00000006a1000000, 0x00000006a1000000|100%| S|CS|TAMS 0x00000006a0c00000| PB 0x00000006a0c00000| Complete 
| 117|0x00000006a1000000, 0x00000006a1400000, 0x00000006a1400000|100%| S|CS|TAMS 0x00000006a1000000| PB 0x00000006a1000000| Complete 
| 118|0x00000006a1400000, 0x00000006a1800000, 0x00000006a1800000|100%| S|CS|TAMS 0x00000006a1400000| PB 0x00000006a1400000| Complete 
| 119|0x00000006a1800000, 0x00000006a1c00000, 0x00000006a1c00000|100%| S|CS|TAMS 0x00000006a1800000| PB 0x00000006a1800000| Complete 
| 120|0x00000006a1c00000, 0x00000006a2000000, 0x00000006a2000000|100%| S|CS|TAMS 0x00000006a1c00000| PB 0x00000006a1c00000| Complete 
| 121|0x00000006a2000000, 0x00000006a2400000, 0x00000006a2400000|100%| S|CS|TAMS 0x00000006a2000000| PB 0x00000006a2000000| Complete 
| 122|0x00000006a2400000, 0x00000006a2800000, 0x00000006a2800000|100%| S|CS|TAMS 0x00000006a2400000| PB 0x00000006a2400000| Complete 
| 123|0x00000006a2800000, 0x00000006a2800000, 0x00000006a2c00000|  0%| F|  |TAMS 0x00000006a2800000| PB 0x00000006a2800000| Untracked 
| 124|0x00000006a2c00000, 0x00000006a2c00000, 0x00000006a3000000|  0%| F|  |TAMS 0x00000006a2c00000| PB 0x00000006a2c00000| Untracked 
| 125|0x00000006a3000000, 0x00000006a3000000, 0x00000006a3400000|  0%| F|  |TAMS 0x00000006a3000000| PB 0x00000006a3000000| Untracked 
| 126|0x00000006a3400000, 0x00000006a3400000, 0x00000006a3800000|  0%| F|  |TAMS 0x00000006a3400000| PB 0x00000006a3400000| Untracked 
| 127|0x00000006a3800000, 0x00000006a3800000, 0x00000006a3c00000|  0%| F|  |TAMS 0x00000006a3800000| PB 0x00000006a3800000| Untracked 
| 128|0x00000006a3c00000, 0x00000006a3c00000, 0x00000006a4000000|  0%| F|  |TAMS 0x00000006a3c00000| PB 0x00000006a3c00000| Untracked 
| 129|0x00000006a4000000, 0x00000006a4000000, 0x00000006a4400000|  0%| F|  |TAMS 0x00000006a4000000| PB 0x00000006a4000000| Untracked 
| 130|0x00000006a4400000, 0x00000006a4400000, 0x00000006a4800000|  0%| F|  |TAMS 0x00000006a4400000| PB 0x00000006a4400000| Untracked 
| 131|0x00000006a4800000, 0x00000006a4800000, 0x00000006a4c00000|  0%| F|  |TAMS 0x00000006a4800000| PB 0x00000006a4800000| Untracked 
| 132|0x00000006a4c00000, 0x00000006a4c00000, 0x00000006a5000000|  0%| F|  |TAMS 0x00000006a4c00000| PB 0x00000006a4c00000| Untracked 
| 133|0x00000006a5000000, 0x00000006a5000000, 0x00000006a5400000|  0%| F|  |TAMS 0x00000006a5000000| PB 0x00000006a5000000| Untracked 
| 134|0x00000006a5400000, 0x00000006a5400000, 0x00000006a5800000|  0%| F|  |TAMS 0x00000006a5400000| PB 0x00000006a5400000| Untracked 
| 135|0x00000006a5800000, 0x00000006a5800000, 0x00000006a5c00000|  0%| F|  |TAMS 0x00000006a5800000| PB 0x00000006a5800000| Untracked 
| 136|0x00000006a5c00000, 0x00000006a5c00000, 0x00000006a6000000|  0%| F|  |TAMS 0x00000006a5c00000| PB 0x00000006a5c00000| Untracked 
| 137|0x00000006a6000000, 0x00000006a6000000, 0x00000006a6400000|  0%| F|  |TAMS 0x00000006a6000000| PB 0x00000006a6000000| Untracked 
| 138|0x00000006a6400000, 0x00000006a6400000, 0x00000006a6800000|  0%| F|  |TAMS 0x00000006a6400000| PB 0x00000006a6400000| Untracked 
| 139|0x00000006a6800000, 0x00000006a6800000, 0x00000006a6c00000|  0%| F|  |TAMS 0x00000006a6800000| PB 0x00000006a6800000| Untracked 
| 140|0x00000006a6c00000, 0x00000006a6c00000, 0x00000006a7000000|  0%| F|  |TAMS 0x00000006a6c00000| PB 0x00000006a6c00000| Untracked 
| 141|0x00000006a7000000, 0x00000006a7000000, 0x00000006a7400000|  0%| F|  |TAMS 0x00000006a7000000| PB 0x00000006a7000000| Untracked 
| 142|0x00000006a7400000, 0x00000006a7400000, 0x00000006a7800000|  0%| F|  |TAMS 0x00000006a7400000| PB 0x00000006a7400000| Untracked 
| 143|0x00000006a7800000, 0x00000006a7800000, 0x00000006a7c00000|  0%| F|  |TAMS 0x00000006a7800000| PB 0x00000006a7800000| Untracked 
| 144|0x00000006a7c00000, 0x00000006a7c00000, 0x00000006a8000000|  0%| F|  |TAMS 0x00000006a7c00000| PB 0x00000006a7c00000| Untracked 
| 145|0x00000006a8000000, 0x00000006a8000000, 0x00000006a8400000|  0%| F|  |TAMS 0x00000006a8000000| PB 0x00000006a8000000| Untracked 
| 146|0x00000006a8400000, 0x00000006a8400000, 0x00000006a8800000|  0%| F|  |TAMS 0x00000006a8400000| PB 0x00000006a8400000| Untracked 
| 147|0x00000006a8800000, 0x00000006a8800000, 0x00000006a8c00000|  0%| F|  |TAMS 0x00000006a8800000| PB 0x00000006a8800000| Untracked 
| 148|0x00000006a8c00000, 0x00000006a8c00000, 0x00000006a9000000|  0%| F|  |TAMS 0x00000006a8c00000| PB 0x00000006a8c00000| Untracked 
| 149|0x00000006a9000000, 0x00000006a9000000, 0x00000006a9400000|  0%| F|  |TAMS 0x00000006a9000000| PB 0x00000006a9000000| Untracked 
| 150|0x00000006a9400000, 0x00000006a9400000, 0x00000006a9800000|  0%| F|  |TAMS 0x00000006a9400000| PB 0x00000006a9400000| Untracked 
| 151|0x00000006a9800000, 0x00000006a9800000, 0x00000006a9c00000|  0%| F|  |TAMS 0x00000006a9800000| PB 0x00000006a9800000| Untracked 
| 152|0x00000006a9c00000, 0x00000006a9c00000, 0x00000006aa000000|  0%| F|  |TAMS 0x00000006a9c00000| PB 0x00000006a9c00000| Untracked 
| 153|0x00000006aa000000, 0x00000006aa000000, 0x00000006aa400000|  0%| F|  |TAMS 0x00000006aa000000| PB 0x00000006aa000000| Untracked 
| 154|0x00000006aa400000, 0x00000006aa400000, 0x00000006aa800000|  0%| F|  |TAMS 0x00000006aa400000| PB 0x00000006aa400000| Untracked 
| 155|0x00000006aa800000, 0x00000006aa850480, 0x00000006aac00000|  7%| E|  |TAMS 0x00000006aa800000| PB 0x00000006aa800000| Complete 
| 156|0x00000006aac00000, 0x00000006ab000000, 0x00000006ab000000|100%| E|CS|TAMS 0x00000006aac00000| PB 0x00000006aac00000| Complete 
| 157|0x00000006ab000000, 0x00000006ab400000, 0x00000006ab400000|100%| E|CS|TAMS 0x00000006ab000000| PB 0x00000006ab000000| Complete 
| 158|0x00000006ab400000, 0x00000006ab800000, 0x00000006ab800000|100%| E|CS|TAMS 0x00000006ab400000| PB 0x00000006ab400000| Complete 
| 159|0x00000006ab800000, 0x00000006abc00000, 0x00000006abc00000|100%| E|CS|TAMS 0x00000006ab800000| PB 0x00000006ab800000| Complete 
| 160|0x00000006abc00000, 0x00000006ac000000, 0x00000006ac000000|100%| E|CS|TAMS 0x00000006abc00000| PB 0x00000006abc00000| Complete 
| 161|0x00000006ac000000, 0x00000006ac400000, 0x00000006ac400000|100%| E|CS|TAMS 0x00000006ac000000| PB 0x00000006ac000000| Complete 
| 162|0x00000006ac400000, 0x00000006ac800000, 0x00000006ac800000|100%| E|CS|TAMS 0x00000006ac400000| PB 0x00000006ac400000| Complete 
| 163|0x00000006ac800000, 0x00000006acc00000, 0x00000006acc00000|100%| E|CS|TAMS 0x00000006ac800000| PB 0x00000006ac800000| Complete 
| 164|0x00000006acc00000, 0x00000006ad000000, 0x00000006ad000000|100%| E|CS|TAMS 0x00000006acc00000| PB 0x00000006acc00000| Complete 
| 165|0x00000006ad000000, 0x00000006ad400000, 0x00000006ad400000|100%| E|CS|TAMS 0x00000006ad000000| PB 0x00000006ad000000| Complete 
| 166|0x00000006ad400000, 0x00000006ad800000, 0x00000006ad800000|100%| E|CS|TAMS 0x00000006ad400000| PB 0x00000006ad400000| Complete 
| 167|0x00000006ad800000, 0x00000006adbff838, 0x00000006adc00000| 99%| E|  |TAMS 0x00000006ad800000| PB 0x00000006ad800000| Complete 
| 168|0x00000006adc00000, 0x00000006ae000000, 0x00000006ae000000|100%| E|CS|TAMS 0x00000006adc00000| PB 0x00000006adc00000| Complete 
| 169|0x00000006ae000000, 0x00000006ae400000, 0x00000006ae400000|100%| E|CS|TAMS 0x00000006ae000000| PB 0x00000006ae000000| Complete 
| 170|0x00000006ae400000, 0x00000006ae800000, 0x00000006ae800000|100%| E|CS|TAMS 0x00000006ae400000| PB 0x00000006ae400000| Complete 
| 171|0x00000006ae800000, 0x00000006aec00000, 0x00000006aec00000|100%| E|CS|TAMS 0x00000006ae800000| PB 0x00000006ae800000| Complete 
|1516|0x00000007fec00000, 0x00000007ff000000, 0x00000007ff000000|100%| E|CS|TAMS 0x00000007fec00000| PB 0x00000007fec00000| Complete 
|1517|0x00000007ff000000, 0x00000007ff400000, 0x00000007ff400000|100%| O|  |TAMS 0x00000007ff400000| PB 0x00000007ff400000| Untracked 
|1518|0x00000007ff400000, 0x00000007ff800000, 0x00000007ff800000|100%| O|  |TAMS 0x00000007ff800000| PB 0x00000007ff800000| Untracked 
|1519|0x00000007ff800000, 0x00000007ffc00000, 0x00000007ffc00000|100%| O|  |TAMS 0x00000007ffc00000| PB 0x00000007ffc00000| Untracked 
|1520|0x00000007ffc00000, 0x0000000800000000, 0x0000000800000000|100%| O|  |TAMS 0x0000000800000000| PB 0x0000000800000000| Untracked 

Card table byte_map: [0x0000023dd23d0000,0x0000023dd2fc0000] _byte_map_base: 0x0000023dcefb2000

Marking Bits: (CMBitMap*) 0x0000023dba0ae570
 Bits: [0x0000023dd2fc0000, 0x0000023dd8ed0000)

Polling page: 0x0000023db97e0000

Metaspace:

Usage:
  Non-class:     69.74 MB used.
      Class:      8.69 MB used.
       Both:     78.44 MB used.

Virtual space:
  Non-class space:      128.00 MB reserved,      70.25 MB ( 55%) committed,  2 nodes.
      Class space:        1.00 GB reserved,       9.19 MB ( <1%) committed,  1 nodes.
             Both:        1.12 GB reserved,      79.44 MB (  7%) committed. 

Chunk freelists:
   Non-Class:  9.67 MB
       Class:  6.86 MB
        Both:  16.53 MB

MaxMetaspaceSize: unlimited
CompressedClassSpaceSize: 1.00 GB
Initial GC threshold: 21.00 MB
Current GC threshold: 130.44 MB
CDS: on
 - commit_granule_bytes: 65536.
 - commit_granule_words: 8192.
 - virtual_space_node_default_size: 8388608.
 - enlarge_chunks_in_place: 1.
 - use_allocation_guard: 0.


Internal statistics:

num_allocs_failed_limit: 15.
num_arena_births: 1626.
num_arena_deaths: 0.
num_vsnodes_births: 3.
num_vsnodes_deaths: 0.
num_space_committed: 1269.
num_space_uncommitted: 0.
num_chunks_returned_to_freelist: 15.
num_chunks_taken_from_freelist: 4610.
num_chunk_merges: 15.
num_chunk_splits: 3458.
num_chunks_enlarged: 2651.
num_inconsistent_stats: 0.

CodeHeap 'non-profiled nmethods': size=120000Kb used=10215Kb max_used=10527Kb free=109784Kb
 bounds [0x0000023dc9f60000, 0x0000023dca9b0000, 0x0000023dd1490000]
CodeHeap 'profiled nmethods': size=120000Kb used=37165Kb max_used=38350Kb free=82834Kb
 bounds [0x0000023dc2490000, 0x0000023dc4a20000, 0x0000023dc99c0000]
CodeHeap 'non-nmethods': size=5760Kb used=1973Kb max_used=2040Kb free=3786Kb
 bounds [0x0000023dc99c0000, 0x0000023dc9c30000, 0x0000023dc9f60000]
 total_blobs=13238 nmethods=12477 adapters=662
 compilation: enabled
              stopped_count=0, restarted_count=0
 full_count=0

Compilation events (20 events):
Event: 83.236 Thread 0x0000023ddb93a5a0 nmethod 17311 0x0000023dca9a7690 code [0x0000023dca9a7820, 0x0000023dca9a78f0]
Event: 83.237 Thread 0x0000023ddb93a5a0 17312       3       org.jetbrains.kotlin.descriptors.impl.SimpleFunctionDescriptorImpl::create (60 bytes)
Event: 83.237 Thread 0x0000023ddb93a5a0 nmethod 17312 0x0000023dc3de0f10 code [0x0000023dc3de1100, 0x0000023dc3de14e0]
Event: 83.238 Thread 0x0000023ddb93a5a0 17313       3       org.jetbrains.kotlin.resolve.OverrideResolver::checkOverrideForMember (268 bytes)
Event: 83.241 Thread 0x0000023ddb93a5a0 nmethod 17313 0x0000023dc4a0de90 code [0x0000023dc4a0e460, 0x0000023dc4a10fb8]
Event: 83.242 Thread 0x0000023ddb93a5a0 17314       3       org.jetbrains.kotlin.resolve.TopDownAnalysisContext::getTopDownAnalysisMode (14 bytes)
Event: 83.242 Thread 0x0000023ddb93a5a0 nmethod 17314 0x0000023dc2f06590 code [0x0000023dc2f06740, 0x0000023dc2f068c8]
Event: 83.243 Thread 0x0000023ddb93a5a0 17315       3       kotlin.collections.CollectionsKt___CollectionsKt::toHashSet (33 bytes)
Event: 83.244 Thread 0x0000023ddb93a5a0 nmethod 17315 0x0000023dc4a11c10 code [0x0000023dc4a11f60, 0x0000023dc4a131c8]
Event: 83.244 Thread 0x0000023ddb93a5a0 17316       3       org.jetbrains.kotlin.cfg.pseudocode.PseudocodeImpl::getLocalDeclarations (15 bytes)
Event: 83.245 Thread 0x0000023ddb93a5a0 nmethod 17316 0x0000023dc2f1ec10 code [0x0000023dc2f1edc0, 0x0000023dc2f1f0a8]
Event: 83.246 Thread 0x0000023ddb936750 17317       4       org.jetbrains.kotlin.descriptors.Visibility::normalize (2 bytes)
Event: 83.246 Thread 0x0000023ddb936750 nmethod 17317 0x0000023dca9a7990 code [0x0000023dca9a7b00, 0x0000023dca9a7b88]
Event: 83.247 Thread 0x0000023ddb93a5a0 17318       3       org.jetbrains.kotlin.descriptors.EffectiveVisibilityUtilsKt::forVisibility (266 bytes)
Event: 83.249 Thread 0x0000023ddb936750 17321   !   4       org.jetbrains.kotlin.cli.jvm.index.JvmDependenciesIndexImpl::findClasses (415 bytes)
Event: 83.249 Thread 0x0000023ddb93a5a0 nmethod 17318 0x0000023dc4a13790 code [0x0000023dc4a13be0, 0x0000023dc4a16360]
Event: 83.249 Thread 0x0000023ddb93a5a0 17319       3       org.jetbrains.kotlin.psi.KtTypeReference::accept (13 bytes)
Event: 83.250 Thread 0x0000023ddb93a5a0 nmethod 17319 0x0000023dc4a16c10 code [0x0000023dc4a16e40, 0x0000023dc4a174f0]
Event: 83.250 Thread 0x0000023ddb93a5a0 17320       3       org.jetbrains.kotlin.psi.KtVisitor::visitTypeReference (16 bytes)
Event: 83.250 Thread 0x0000023ddb93a5a0 nmethod 17320 0x0000023dc35ce790 code [0x0000023dc35ce940, 0x0000023dc35ceb98]

GC Heap History (20 events):
Event: 67.155 GC heap before
{Heap before GC invocations=44 (full 0):
 garbage-first heap   total 491520K, used 413659K [0x0000000683c00000, 0x0000000800000000)
  region size 4096K, 38 young (155648K), 5 survivors (20480K)
 Metaspace       used 78711K, committed 79744K, reserved 1179648K
  class space    used 8833K, committed 9344K, reserved 1048576K
}
Event: 67.175 GC heap after
{Heap after GC invocations=45 (full 0):
 garbage-first heap   total 491520K, used 293028K [0x0000000683c00000, 0x0000000800000000)
  region size 4096K, 5 young (20480K), 5 survivors (20480K)
 Metaspace       used 78711K, committed 79744K, reserved 1179648K
  class space    used 8833K, committed 9344K, reserved 1048576K
}
Event: 69.705 GC heap before
{Heap before GC invocations=46 (full 0):
 garbage-first heap   total 548864K, used 440484K [0x0000000683c00000, 0x0000000800000000)
  region size 4096K, 39 young (159744K), 5 survivors (20480K)
 Metaspace       used 78811K, committed 79872K, reserved 1179648K
  class space    used 8842K, committed 9344K, reserved 1048576K
}
Event: 69.725 GC heap after
{Heap after GC invocations=47 (full 0):
 garbage-first heap   total 548864K, used 321319K [0x0000000683c00000, 0x0000000800000000)
  region size 4096K, 5 young (20480K), 5 survivors (20480K)
 Metaspace       used 78811K, committed 79872K, reserved 1179648K
  class space    used 8842K, committed 9344K, reserved 1048576K
}
Event: 71.200 GC heap before
{Heap before GC invocations=47 (full 0):
 garbage-first heap   total 548864K, used 481063K [0x0000000683c00000, 0x0000000800000000)
  region size 4096K, 44 young (180224K), 5 survivors (20480K)
 Metaspace       used 78860K, committed 79872K, reserved 1179648K
  class space    used 8843K, committed 9344K, reserved 1048576K
}
Event: 71.216 GC heap after
{Heap after GC invocations=48 (full 0):
 garbage-first heap   total 548864K, used 333763K [0x0000000683c00000, 0x0000000800000000)
  region size 4096K, 5 young (20480K), 5 survivors (20480K)
 Metaspace       used 78860K, committed 79872K, reserved 1179648K
  class space    used 8843K, committed 9344K, reserved 1048576K
}
Event: 71.488 GC heap before
{Heap before GC invocations=48 (full 0):
 garbage-first heap   total 548864K, used 354243K [0x0000000683c00000, 0x0000000800000000)
  region size 4096K, 11 young (45056K), 5 survivors (20480K)
 Metaspace       used 78905K, committed 79936K, reserved 1179648K
  class space    used 8843K, committed 9344K, reserved 1048576K
}
Event: 71.496 GC heap after
{Heap after GC invocations=49 (full 0):
 garbage-first heap   total 548864K, used 332660K [0x0000000683c00000, 0x0000000800000000)
  region size 4096K, 2 young (8192K), 2 survivors (8192K)
 Metaspace       used 78905K, committed 79936K, reserved 1179648K
  class space    used 8843K, committed 9344K, reserved 1048576K
}
Event: 73.330 GC heap before
{Heap before GC invocations=50 (full 0):
 garbage-first heap   total 651264K, used 488308K [0x0000000683c00000, 0x0000000800000000)
  region size 4096K, 38 young (155648K), 2 survivors (8192K)
 Metaspace       used 79005K, committed 80000K, reserved 1179648K
  class space    used 8843K, committed 9344K, reserved 1048576K
}
Event: 73.340 GC heap after
{Heap after GC invocations=51 (full 0):
 garbage-first heap   total 651264K, used 356779K [0x0000000683c00000, 0x0000000800000000)
  region size 4096K, 5 young (20480K), 5 survivors (20480K)
 Metaspace       used 79005K, committed 80000K, reserved 1179648K
  class space    used 8843K, committed 9344K, reserved 1048576K
}
Event: 75.953 GC heap before
{Heap before GC invocations=51 (full 0):
 garbage-first heap   total 651264K, used 565675K [0x0000000683c00000, 0x0000000800000000)
  region size 4096K, 54 young (221184K), 5 survivors (20480K)
 Metaspace       used 79094K, committed 80128K, reserved 1179648K
  class space    used 8843K, committed 9344K, reserved 1048576K
}
Event: 75.974 GC heap after
{Heap after GC invocations=52 (full 0):
 garbage-first heap   total 651264K, used 376628K [0x0000000683c00000, 0x0000000800000000)
  region size 4096K, 6 young (24576K), 6 survivors (24576K)
 Metaspace       used 79094K, committed 80128K, reserved 1179648K
  class space    used 8843K, committed 9344K, reserved 1048576K
}
Event: 76.446 GC heap before
{Heap before GC invocations=52 (full 0):
 garbage-first heap   total 651264K, used 454452K [0x0000000683c00000, 0x0000000800000000)
  region size 4096K, 26 young (106496K), 6 survivors (24576K)
 Metaspace       used 79115K, committed 80128K, reserved 1179648K
  class space    used 8843K, committed 9344K, reserved 1048576K
}
Event: 76.459 GC heap after
{Heap after GC invocations=53 (full 0):
 garbage-first heap   total 651264K, used 379882K [0x0000000683c00000, 0x0000000800000000)
  region size 4096K, 3 young (12288K), 3 survivors (12288K)
 Metaspace       used 79115K, committed 80128K, reserved 1179648K
  class space    used 8843K, committed 9344K, reserved 1048576K
}
Event: 79.006 GC heap before
{Heap before GC invocations=54 (full 0):
 garbage-first heap   total 724992K, used 588778K [0x0000000683c00000, 0x0000000800000000)
  region size 4096K, 52 young (212992K), 3 survivors (12288K)
 Metaspace       used 79472K, committed 80448K, reserved 1179648K
  class space    used 8852K, committed 9344K, reserved 1048576K
}
Event: 79.022 GC heap after
{Heap after GC invocations=55 (full 0):
 garbage-first heap   total 724992K, used 413276K [0x0000000683c00000, 0x0000000800000000)
  region size 4096K, 7 young (28672K), 7 survivors (28672K)
 Metaspace       used 79472K, committed 80448K, reserved 1179648K
  class space    used 8852K, committed 9344K, reserved 1048576K
}
Event: 80.995 GC heap before
{Heap before GC invocations=55 (full 0):
 garbage-first heap   total 724992K, used 646748K [0x0000000683c00000, 0x0000000800000000)
  region size 4096K, 62 young (253952K), 7 survivors (28672K)
 Metaspace       used 79895K, committed 80896K, reserved 1179648K
  class space    used 8874K, committed 9344K, reserved 1048576K
}
Event: 81.021 GC heap after
{Heap after GC invocations=56 (full 0):
 garbage-first heap   total 724992K, used 441169K [0x0000000683c00000, 0x0000000800000000)
  region size 4096K, 8 young (32768K), 8 survivors (32768K)
 Metaspace       used 79895K, committed 80896K, reserved 1179648K
  class space    used 8874K, committed 9344K, reserved 1048576K
}
Event: 82.788 GC heap before
{Heap before GC invocations=56 (full 0):
 garbage-first heap   total 724992K, used 645969K [0x0000000683c00000, 0x0000000800000000)
  region size 4096K, 58 young (237568K), 8 survivors (32768K)
 Metaspace       used 80175K, committed 81216K, reserved 1179648K
  class space    used 8889K, committed 9408K, reserved 1048576K
}
Event: 82.815 GC heap after
{Heap after GC invocations=57 (full 0):
 garbage-first heap   total 724992K, used 472454K [0x0000000683c00000, 0x0000000800000000)
  region size 4096K, 8 young (32768K), 8 survivors (32768K)
 Metaspace       used 80175K, committed 81216K, reserved 1179648K
  class space    used 8889K, committed 9408K, reserved 1048576K
}

Dll operation events (8 events):
Event: 0.031 Loaded shared library C:\Program Files\Java\jdk-21\bin\java.dll
Event: 0.162 Loaded shared library C:\Program Files\Java\jdk-21\bin\jsvml.dll
Event: 0.264 Loaded shared library C:\Program Files\Java\jdk-21\bin\net.dll
Event: 0.280 Loaded shared library C:\Program Files\Java\jdk-21\bin\nio.dll
Event: 0.288 Loaded shared library C:\Program Files\Java\jdk-21\bin\zip.dll
Event: 0.635 Loaded shared library C:\Program Files\Java\jdk-21\bin\jimage.dll
Event: 3.485 Loaded shared library C:\Program Files\Java\jdk-21\bin\verify.dll
Event: 5.708 Loaded shared library C:\Users\ahrorov\AppData\Local\Temp\sqlite-3.41.2.1-e3abf0dd-80ca-4ef8-9056-49450f21ee62-sqlitejdbc.dll

Deoptimization events (20 events):
Event: 82.952 Thread 0x0000023e2afdfc30 Uncommon trap: trap_request=0xffffffc6 fr.pc=0x0000023dca4045a0 relative=0x00000000000000e0
Event: 82.952 Thread 0x0000023e2afdfc30 Uncommon trap: reason=bimorphic_or_optimized_type_check action=maybe_recompile pc=0x0000023dca4045a0 method=kotlin.collections.CollectionsKt___CollectionsKt.single(Ljava/util/List;)Ljava/lang/Object; @ 7 c2
Event: 82.952 Thread 0x0000023e2afdfc30 DEOPT PACKING pc=0x0000023dca4045a0 sp=0x0000003fa67fc230
Event: 82.952 Thread 0x0000023e2afdfc30 DEOPT UNPACKING pc=0x0000023dc9a17da2 sp=0x0000003fa67fc1c8 mode 2
Event: 82.996 Thread 0x0000023e2afdfc30 Uncommon trap: trap_request=0xffffffc6 fr.pc=0x0000023dca98a168 relative=0x00000000000010e8
Event: 82.996 Thread 0x0000023e2afdfc30 Uncommon trap: reason=bimorphic_or_optimized_type_check action=maybe_recompile pc=0x0000023dca98a168 method=org.jetbrains.kotlin.resolve.calls.inference.components.FreshVariableNewTypeSubstitutor.substituteNotNullTypeWithConstructor(Lorg/jetbrains/kotlin/
Event: 82.996 Thread 0x0000023e2afdfc30 DEOPT PACKING pc=0x0000023dca98a168 sp=0x0000003fa67fc3f0
Event: 82.996 Thread 0x0000023e2afdfc30 DEOPT UNPACKING pc=0x0000023dc9a17da2 sp=0x0000003fa67fc3a8 mode 2
Event: 82.996 Thread 0x0000023e2afdfc30 Uncommon trap: trap_request=0xffffffc6 fr.pc=0x0000023dca98a168 relative=0x00000000000010e8
Event: 82.996 Thread 0x0000023e2afdfc30 Uncommon trap: reason=bimorphic_or_optimized_type_check action=maybe_recompile pc=0x0000023dca98a168 method=org.jetbrains.kotlin.resolve.calls.inference.components.FreshVariableNewTypeSubstitutor.substituteNotNullTypeWithConstructor(Lorg/jetbrains/kotlin/
Event: 82.996 Thread 0x0000023e2afdfc30 DEOPT PACKING pc=0x0000023dca98a168 sp=0x0000003fa67fc220
Event: 82.996 Thread 0x0000023e2afdfc30 DEOPT UNPACKING pc=0x0000023dc9a17da2 sp=0x0000003fa67fc1d8 mode 2
Event: 83.007 Thread 0x0000023e2afdfc30 Uncommon trap: trap_request=0xffffffc6 fr.pc=0x0000023dca98a168 relative=0x00000000000010e8
Event: 83.007 Thread 0x0000023e2afdfc30 Uncommon trap: reason=bimorphic_or_optimized_type_check action=maybe_recompile pc=0x0000023dca98a168 method=org.jetbrains.kotlin.resolve.calls.inference.components.FreshVariableNewTypeSubstitutor.substituteNotNullTypeWithConstructor(Lorg/jetbrains/kotlin/
Event: 83.007 Thread 0x0000023e2afdfc30 DEOPT PACKING pc=0x0000023dca98a168 sp=0x0000003fa67fd870
Event: 83.007 Thread 0x0000023e2afdfc30 DEOPT UNPACKING pc=0x0000023dc9a17da2 sp=0x0000003fa67fd828 mode 2
Event: 83.009 Thread 0x0000023e2afdfc30 Uncommon trap: trap_request=0xffffffc6 fr.pc=0x0000023dca98a168 relative=0x00000000000010e8
Event: 83.009 Thread 0x0000023e2afdfc30 Uncommon trap: reason=bimorphic_or_optimized_type_check action=maybe_recompile pc=0x0000023dca98a168 method=org.jetbrains.kotlin.resolve.calls.inference.components.FreshVariableNewTypeSubstitutor.substituteNotNullTypeWithConstructor(Lorg/jetbrains/kotlin/
Event: 83.009 Thread 0x0000023e2afdfc30 DEOPT PACKING pc=0x0000023dca98a168 sp=0x0000003fa67fd760
Event: 83.009 Thread 0x0000023e2afdfc30 DEOPT UNPACKING pc=0x0000023dc9a17da2 sp=0x0000003fa67fd718 mode 2

Classes loaded (20 events):
Event: 40.831 Loading class java/util/concurrent/LinkedTransferQueue$DualNode
Event: 40.831 Loading class java/util/concurrent/LinkedTransferQueue$DualNode done
Event: 40.831 Loading class java/lang/ProcessImpl$2
Event: 40.832 Loading class java/lang/ProcessImpl$2 done
Event: 40.832 Loading class java/lang/Process$PipeInputStream
Event: 40.832 Loading class java/lang/Process$PipeInputStream done
Event: 40.835 Loading class jdk/internal/event/ProcessStartEvent
Event: 40.835 Loading class jdk/internal/event/ProcessStartEvent done
Event: 40.835 Loading class jdk/internal/logger/LazyLoggers
Event: 40.835 Loading class jdk/internal/logger/LazyLoggers done
Event: 40.835 Loading class jdk/internal/logger/LazyLoggers$1
Event: 40.836 Loading class jdk/internal/logger/LazyLoggers$1 done
Event: 40.836 Loading class jdk/internal/logger/LazyLoggers$LazyLoggerFactories
Event: 40.836 Loading class jdk/internal/logger/LazyLoggers$LazyLoggerFactories done
Event: 40.836 Loading class jdk/internal/logger/LoggerFinderLoader
Event: 40.836 Loading class jdk/internal/logger/LoggerFinderLoader done
Event: 40.837 Loading class jdk/internal/logger/LoggerFinderLoader$TemporaryLoggerFinder
Event: 40.837 Loading class jdk/internal/logger/LoggerFinderLoader$TemporaryLoggerFinder done
Event: 40.837 Loading class sun/util/logging/internal/LoggingProviderImpl$JULWrapper
Event: 40.837 Loading class sun/util/logging/internal/LoggingProviderImpl$JULWrapper done

Classes unloaded (0 events):
No events

Classes redefined (0 events):
No events

Internal exceptions (20 events):
Event: 31.832 Thread 0x0000023e2259d490 Exception <a 'sun/nio/fs/WindowsException'{0x0000000699243800}> (0x0000000699243800) 
thrown [s\open\src\hotspot\share\prims\jni.cpp, line 520]
Event: 31.832 Thread 0x0000023e2259d490 Exception <a 'sun/nio/fs/WindowsException'{0x0000000699243bb8}> (0x0000000699243bb8) 
thrown [s\open\src\hotspot\share\prims\jni.cpp, line 520]
Event: 33.473 Thread 0x0000023e2afdfc30 Exception <a 'java/lang/NoSuchMethodError'{0x00000006916bd510}: 'java.lang.Object java.lang.invoke.DirectMethodHandle$Holder.invokeStatic(java.lang.Object, java.lang.Object, java.lang.Object, java.lang.Object, java.lang.Object, java.lang.Object, java.lang.Object, java.lang.Object, int)'> (0x00000006916bd510) 
thrown [s\open\src\hotspot\share\interpreter\linkResolver.cpp, line 773]
Event: 33.474 Thread 0x0000023e2afdfc30 Exception <a 'java/lang/NoSuchMethodError'{0x00000006916c6d00}: 'java.lang.Object java.lang.invoke.DirectMethodHandle$Holder.newInvokeSpecial(java.lang.Object, java.lang.Object, java.lang.Object, java.lang.Object, java.lang.Object, java.lang.Object, java.lang.Object, java.lang.Object, int)'> (0x00000006916c6d00) 
thrown [s\open\src\hotspot\share\interpreter\linkResolver.cpp, line 773]
Event: 33.475 Thread 0x0000023e2afdfc30 Exception <a 'java/lang/NoSuchMethodError'{0x00000006916cb690}: 'java.lang.Object java.lang.invoke.DirectMethodHandle$Holder.invokeSpecial(java.lang.Object, java.lang.Object, java.lang.Object, java.lang.Object, java.lang.Object, java.lang.Object, java.lang.Object, java.lang.Object, java.lang.Object, int)'> (0x00000006916cb690) 
thrown [s\open\src\hotspot\share\interpreter\linkResolver.cpp, line 773]
Event: 33.475 Thread 0x0000023e2afdfc30 Exception <a 'java/lang/NoSuchMethodError'{0x00000006916cf868}: 'java.lang.Object java.lang.invoke.Invokers$Holder.linkToTargetMethod(java.lang.Object, java.lang.Object, java.lang.Object, java.lang.Object, java.lang.Object, java.lang.Object, java.lang.Object, int, java.lang.Object)'> (0x00000006916cf868) 
thrown [s\open\src\hotspot\share\interpreter\linkResolver.cpp, line 773]
Event: 36.074 Thread 0x0000023e2afdfc30 Exception <a 'java/lang/NoSuchMethodError'{0x000000068e3f7138}: 'java.lang.Object java.lang.invoke.DirectMethodHandle$Holder.invokeStatic(java.lang.Object, java.lang.Object, java.lang.Object, java.lang.Object, java.lang.Object, int, java.lang.Object)'> (0x000000068e3f7138) 
thrown [s\open\src\hotspot\share\interpreter\linkResolver.cpp, line 773]
Event: 36.079 Thread 0x0000023e2afdfc30 Exception <a 'java/lang/NoSuchMethodError'{0x000000068dca0168}: 'java.lang.Object java.lang.invoke.DirectMethodHandle$Holder.newInvokeSpecial(java.lang.Object, java.lang.Object, java.lang.Object, java.lang.Object, java.lang.Object, int, java.lang.Object)'> (0x000000068dca0168) 
thrown [s\open\src\hotspot\share\interpreter\linkResolver.cpp, line 773]
Event: 36.080 Thread 0x0000023e2afdfc30 Exception <a 'java/lang/NoSuchMethodError'{0x000000068dca5098}: 'java.lang.Object java.lang.invoke.DirectMethodHandle$Holder.invokeSpecial(java.lang.Object, java.lang.Object, java.lang.Object, java.lang.Object, java.lang.Object, java.lang.Object, int, java.lang.Object)'> (0x000000068dca5098) 
thrown [s\open\src\hotspot\share\interpreter\linkResolver.cpp, line 773]
Event: 36.104 Thread 0x0000023e2afdfc30 Exception <a 'java/lang/NoSuchMethodError'{0x000000068dca9958}: 'java.lang.Object java.lang.invoke.Invokers$Holder.linkToTargetMethod(java.lang.Object, java.lang.Object, java.lang.Object, java.lang.Object, int, java.lang.Object, java.lang.Object)'> (0x000000068dca9958) 
thrown [s\open\src\hotspot\share\interpreter\linkResolver.cpp, line 773]
Event: 40.368 Thread 0x0000023e2259d490 Exception <a 'sun/nio/fs/WindowsException'{0x0000000690a51648}> (0x0000000690a51648) 
thrown [s\open\src\hotspot\share\prims\jni.cpp, line 520]
Event: 40.827 Thread 0x0000023e2259d490 Exception <a 'java/lang/NoSuchMethodError'{0x0000000690a5dad0}: 'void java.lang.invoke.DirectMethodHandle$Holder.invokeStatic(java.lang.Object, long)'> (0x0000000690a5dad0) 
thrown [s\open\src\hotspot\share\interpreter\linkResolver.cpp, line 773]
Event: 40.828 Thread 0x0000023e2259d490 Exception <a 'java/lang/NoSuchMethodError'{0x0000000690a62810}: 'java.lang.Object java.lang.invoke.DirectMethodHandle$Holder.newInvokeSpecial(java.lang.Object, long)'> (0x0000000690a62810) 
thrown [s\open\src\hotspot\share\interpreter\linkResolver.cpp, line 773]
Event: 40.829 Thread 0x0000023e2259d490 Exception <a 'java/lang/NoSuchMethodError'{0x0000000690a694a0}: 'java.lang.Object java.lang.invoke.DirectMethodHandle$Holder.invokeStatic(java.lang.Object, long, java.lang.Object)'> (0x0000000690a694a0) 
thrown [s\open\src\hotspot\share\interpreter\linkResolver.cpp, line 773]
Event: 40.830 Thread 0x0000023e2259d490 Exception <a 'java/lang/NoSuchMethodError'{0x0000000690a6cd60}: 'java.lang.Object java.lang.invoke.DirectMethodHandle$Holder.invokeStaticInit(java.lang.Object, long, java.lang.Object)'> (0x0000000690a6cd60) 
thrown [s\open\src\hotspot\share\interpreter\linkResolver.cpp, line 773]
Event: 41.535 Thread 0x0000023e2afdfc30 Exception <a 'java/lang/NoSuchMethodError'{0x0000000699365760}: 'java.lang.Object java.lang.invoke.DirectMethodHandle$Holder.newInvokeSpecial(java.lang.Object, java.lang.Object, java.lang.Object, java.lang.Object, int, int)'> (0x0000000699365760) 
thrown [s\open\src\hotspot\share\interpreter\linkResolver.cpp, line 773]
Event: 66.419 Thread 0x0000023e2afdfc30 Implicit null exception at 0x0000023dca3b3e6b to 0x0000023dca3b4684
Event: 80.447 Thread 0x0000023e2afdfc30 Exception <a 'java/lang/IncompatibleClassChangeError'{0x00000006a5518300}: Found class java.lang.Object, but interface was expected> (0x00000006a5518300) 
thrown [s\open\src\hotspot\share\interpreter\linkResolver.cpp, line 840]
Event: 80.448 Thread 0x0000023e2afdfc30 Exception <a 'java/lang/NoSuchMethodError'{0x00000006a551b390}: 'int java.lang.invoke.DirectMethodHandle$Holder.invokeSpecialIFC(java.lang.Object, java.lang.Object, java.lang.Object)'> (0x00000006a551b390) 
thrown [s\open\src\hotspot\share\interpreter\linkResolver.cpp, line 773]
Event: 80.912 Thread 0x0000023e2afdfc30 Implicit null exception at 0x0000023dca555f8a to 0x0000023dca5560b9

ZGC Phase Switch (0 events):
No events

VM Operations (20 events):
Event: 78.960 Executing VM operation: HandshakeAllThreads (Deoptimize) done
Event: 79.005 Executing VM operation: G1CollectForAllocation (G1 Evacuation Pause)
Event: 79.023 Executing VM operation: G1CollectForAllocation (G1 Evacuation Pause) done
Event: 79.716 Executing VM operation: ICBufferFull
Event: 79.716 Executing VM operation: ICBufferFull done
Event: 80.386 Executing VM operation: ICBufferFull
Event: 80.386 Executing VM operation: ICBufferFull done
Event: 80.994 Executing VM operation: G1CollectForAllocation (G1 Evacuation Pause)
Event: 81.021 Executing VM operation: G1CollectForAllocation (G1 Evacuation Pause) done
Event: 81.583 Executing VM operation: ICBufferFull
Event: 81.583 Executing VM operation: ICBufferFull done
Event: 81.963 Executing VM operation: ICBufferFull
Event: 81.963 Executing VM operation: ICBufferFull done
Event: 82.788 Executing VM operation: G1CollectForAllocation (G1 Evacuation Pause)
Event: 82.815 Executing VM operation: G1CollectForAllocation (G1 Evacuation Pause) done
Event: 82.930 Executing VM operation: HandshakeAllThreads (Deoptimize)
Event: 82.931 Executing VM operation: HandshakeAllThreads (Deoptimize) done
Event: 82.972 Executing VM operation: HandshakeAllThreads (Deoptimize)
Event: 82.972 Executing VM operation: HandshakeAllThreads (Deoptimize) done
Event: 83.263 Executing VM operation: G1PauseRemark

Events (20 events):
Event: 83.277 Thread 0x0000023ddb90b800 flushing nmethod 0x0000023dc3092610
Event: 83.277 Thread 0x0000023ddb90b800 flushing nmethod 0x0000023dc3092c10
Event: 83.277 Thread 0x0000023ddb90b800 flushing nmethod 0x0000023dc3093790
Event: 83.277 Thread 0x0000023ddb90b800 flushing nmethod 0x0000023dc3093c90
Event: 83.277 Thread 0x0000023ddb90b800 flushing nmethod 0x0000023dc309cf90
Event: 83.277 Thread 0x0000023ddb90b800 flushing nmethod 0x0000023dc309e190
Event: 83.277 Thread 0x0000023ddb90b800 flushing nmethod 0x0000023dc309e890
Event: 83.277 Thread 0x0000023ddb90b800 flushing nmethod 0x0000023dc3113910
Event: 83.277 Thread 0x0000023ddb90b800 flushing nmethod 0x0000023dc3113c90
Event: 83.277 Thread 0x0000023ddb90b800 flushing nmethod 0x0000023dc3118f90
Event: 83.277 Thread 0x0000023ddb90b800 flushing nmethod 0x0000023dc3119c10
Event: 83.277 Thread 0x0000023ddb90b800 flushing nmethod 0x0000023dc311a490
Event: 83.277 Thread 0x0000023ddb90b800 flushing nmethod 0x0000023dc311ac90
Event: 83.277 Thread 0x0000023ddb90b800 flushing nmethod 0x0000023dc311b410
Event: 83.277 Thread 0x0000023ddb90b800 flushing nmethod 0x0000023dc311bb10
Event: 83.277 Thread 0x0000023ddb90b800 flushing nmethod 0x0000023dc316e210
Event: 83.277 Thread 0x0000023ddb90b800 flushing nmethod 0x0000023dc3173290
Event: 83.277 Thread 0x0000023ddb90b800 flushing nmethod 0x0000023dc31a9d10
Event: 83.277 Thread 0x0000023ddb90b800 flushing nmethod 0x0000023dc387f810
Event: 83.277 Thread 0x0000023ddb90b800 flushing nmethod 0x0000023dc3f93590


Dynamic libraries:
0x00007ff6c4880000 - 0x00007ff6c4890000 	C:\Program Files\Java\jdk-21\bin\java.exe
0x00007ff9644c0000 - 0x00007ff964728000 	C:\WINDOWS\SYSTEM32\ntdll.dll
0x00007ff963a40000 - 0x00007ff963b09000 	C:\WINDOWS\System32\KERNEL32.DLL
0x00007ff961b30000 - 0x00007ff961f22000 	C:\WINDOWS\System32\KERNELBASE.dll
0x00007ff962090000 - 0x00007ff9621db000 	C:\WINDOWS\System32\ucrtbase.dll
0x00007ff93ce90000 - 0x00007ff93cea9000 	C:\Program Files\Java\jdk-21\bin\jli.dll
0x00007ff9625b0000 - 0x00007ff962664000 	C:\WINDOWS\System32\ADVAPI32.dll
0x00007ff963d60000 - 0x00007ff963e09000 	C:\WINDOWS\System32\msvcrt.dll
0x00007ff962740000 - 0x00007ff9627e6000 	C:\WINDOWS\System32\sechost.dll
0x00007ff962450000 - 0x00007ff962568000 	C:\WINDOWS\System32\RPCRT4.dll
0x00007ff9379f0000 - 0x00007ff937a0b000 	C:\Program Files\Java\jdk-21\bin\VCRUNTIME140.dll
0x00007ff963b10000 - 0x00007ff963cd5000 	C:\WINDOWS\System32\USER32.dll
0x00007ff93f180000 - 0x00007ff93f413000 	C:\WINDOWS\WinSxS\amd64_microsoft.windows.common-controls_6595b64144ccf1df_6.0.26100.6725_none_3e085828e334708b\COMCTL32.dll
0x00007ff9616e0000 - 0x00007ff961707000 	C:\WINDOWS\System32\win32u.dll
0x00007ff963290000 - 0x00007ff9632bb000 	C:\WINDOWS\System32\GDI32.dll
0x00007ff961a00000 - 0x00007ff961b2d000 	C:\WINDOWS\System32\gdi32full.dll
0x00007ff958c40000 - 0x00007ff958c4b000 	C:\WINDOWS\SYSTEM32\VERSION.dll
0x00007ff9621e0000 - 0x00007ff962283000 	C:\WINDOWS\System32\msvcp_win.dll
0x00007ff962570000 - 0x00007ff96259f000 	C:\WINDOWS\System32\IMM32.DLL
0x00007ff953970000 - 0x00007ff95397c000 	C:\Program Files\Java\jdk-21\bin\vcruntime140_1.dll
0x00007ff92d1b0000 - 0x00007ff92d23e000 	C:\Program Files\Java\jdk-21\bin\msvcp140.dll
0x00007ff8ae040000 - 0x00007ff8aed53000 	C:\Program Files\Java\jdk-21\bin\server\jvm.dll
0x00007ff963ce0000 - 0x00007ff963d54000 	C:\WINDOWS\System32\WS2_32.dll
0x00007ff9614b0000 - 0x00007ff96150e000 	C:\WINDOWS\SYSTEM32\POWRPROF.dll
0x00007ff94d120000 - 0x00007ff94d155000 	C:\WINDOWS\SYSTEM32\WINMM.dll
0x00007ff961490000 - 0x00007ff9614a4000 	C:\WINDOWS\SYSTEM32\UMPDC.dll
0x00007ff9603f0000 - 0x00007ff96040b000 	C:\WINDOWS\SYSTEM32\kernel.appcore.dll
0x00007ff93c5f0000 - 0x00007ff93c5fa000 	C:\Program Files\Java\jdk-21\bin\jimage.dll
0x00007ff95eaa0000 - 0x00007ff95ece2000 	C:\WINDOWS\SYSTEM32\DBGHELP.DLL
0x00007ff963f10000 - 0x00007ff96428b000 	C:\WINDOWS\System32\combase.dll
0x00007ff963030000 - 0x00007ff963107000 	C:\WINDOWS\System32\OLEAUT32.dll
0x00007ff93f7a0000 - 0x00007ff93f7dc000 	C:\WINDOWS\SYSTEM32\dbgcore.DLL
0x00007ff961f30000 - 0x00007ff961fc8000 	C:\WINDOWS\System32\bcryptPrimitives.dll
0x00007ff931b70000 - 0x00007ff931b8f000 	C:\Program Files\Java\jdk-21\bin\java.dll
0x00007ff9628e0000 - 0x00007ff96302c000 	C:\WINDOWS\System32\SHELL32.dll
0x00007ff961890000 - 0x00007ff9619fb000 	C:\WINDOWS\System32\wintypes.dll
0x00007ff95f260000 - 0x00007ff95fabd000 	C:\WINDOWS\SYSTEM32\windows.storage.dll
0x00007ff963110000 - 0x00007ff963202000 	C:\WINDOWS\System32\SHCORE.dll
0x00007ff9637f0000 - 0x00007ff963852000 	C:\WINDOWS\System32\shlwapi.dll
0x00007ff961570000 - 0x00007ff961599000 	C:\WINDOWS\SYSTEM32\profapi.dll
0x00007ff927f10000 - 0x00007ff927fe7000 	C:\Program Files\Java\jdk-21\bin\jsvml.dll
0x00007ff937900000 - 0x00007ff937910000 	C:\Program Files\Java\jdk-21\bin\net.dll
0x00007ff953280000 - 0x00007ff95339f000 	C:\WINDOWS\SYSTEM32\WINHTTP.dll
0x00007ff960970000 - 0x00007ff9609db000 	C:\WINDOWS\system32\mswsock.dll
0x00007ff92dcb0000 - 0x00007ff92dcc6000 	C:\Program Files\Java\jdk-21\bin\nio.dll
0x00007ff92dc90000 - 0x00007ff92dca8000 	C:\Program Files\Java\jdk-21\bin\zip.dll
0x00007ff960c20000 - 0x00007ff960c3b000 	C:\WINDOWS\SYSTEM32\CRYPTSP.dll
0x00007ff960350000 - 0x00007ff96038b000 	C:\WINDOWS\system32\rsaenh.dll
0x00007ff960a10000 - 0x00007ff960a3b000 	C:\WINDOWS\SYSTEM32\USERENV.dll
0x00007ff961540000 - 0x00007ff961566000 	C:\WINDOWS\SYSTEM32\bcrypt.dll
0x00007ff960c40000 - 0x00007ff960c4c000 	C:\WINDOWS\SYSTEM32\CRYPTBASE.dll
0x00007ff95fe30000 - 0x00007ff95fe64000 	C:\WINDOWS\SYSTEM32\IPHLPAPI.DLL
0x00007ff963760000 - 0x00007ff96376a000 	C:\WINDOWS\System32\NSI.dll
0x00007ff935f50000 - 0x00007ff935f60000 	C:\Program Files\Java\jdk-21\bin\verify.dll
0x00007ff8d2370000 - 0x00007ff8d2459000 	C:\Users\ahrorov\AppData\Local\Temp\sqlite-3.41.2.1-e3abf0dd-80ca-4ef8-9056-49450f21ee62-sqlitejdbc.dll

dbghelp: loaded successfully - version: 4.0.5 - missing functions: none
symbol engine: initialized successfully - sym options: 0x614 - pdb path: .;C:\Program Files\Java\jdk-21\bin;C:\WINDOWS\SYSTEM32;C:\WINDOWS\WinSxS\amd64_microsoft.windows.common-controls_6595b64144ccf1df_6.0.26100.6725_none_3e085828e334708b;C:\Program Files\Java\jdk-21\bin\server;C:\Users\ahrorov\AppData\Local\Temp

VM Arguments:
jvm_args: -DkotlinLanguageServer.version=1.3.13 
java_command: org.javacs.kt.MainKt
java_class_path (initial): c:\Users\ahrorov\AppData\Roaming\Cursor\User\globalStorage\fwcd.kotlin\langServerInstall\server\lib\server-1.3.13.jar;c:\Users\ahrorov\AppData\Roaming\Cursor\User\globalStorage\fwcd.kotlin\langServerInstall\server\lib\shared-1.3.13.jar;c:\Users\ahrorov\AppData\Roaming\Cursor\User\globalStorage\fwcd.kotlin\langServerInstall\server\lib\kotlin-scripting-jvm-host-unshaded-2.1.0.jar;c:\Users\ahrorov\AppData\Roaming\Cursor\User\globalStorage\fwcd.kotlin\langServerInstall\server\lib\kotlin-scripting-compiler-2.1.0.jar;c:\Users\ahrorov\AppData\Roaming\Cursor\User\globalStorage\fwcd.kotlin\langServerInstall\server\lib\ktfmt-b5d31d1.jar;c:\Users\ahrorov\AppData\Roaming\Cursor\User\globalStorage\fwcd.kotlin\langServerInstall\server\lib\kotlin-compiler-2.1.0.jar;c:\Users\ahrorov\AppData\Roaming\Cursor\User\globalStorage\fwcd.kotlin\langServerInstall\server\lib\exposed-dao-0.37.3.jar;c:\Users\ahrorov\AppData\Roaming\Cursor\User\globalStorage\fwcd.kotlin\langServerInstall\server\lib\exposed-jdbc-0.37.3.jar;c:\Users\ahrorov\AppData\Roaming\Cursor\User\globalStorage\fwcd.kotlin\langServerInstall\server\lib\exposed-core-0.37.3.jar;c:\Users\ahrorov\AppData\Roaming\Cursor\User\globalStorage\fwcd.kotlin\langServerInstall\server\lib\kotlin-scripting-compiler-impl-2.1.0.jar;c:\Users\ahrorov\AppData\Roaming\Cursor\User\globalStorage\fwcd.kotlin\langServerInstall\server\lib\kotlin-reflect-2.1.0.jar;c:\Users\ahrorov\AppData\Roaming\Cursor\User\globalStorage\fwcd.kotlin\langServerInstall\server\lib\kotlin-scripting-jvm-2.1.0.jar;c:\Users\ahrorov\AppData\Roaming\Cursor\User\globalStorage\fwcd.kotlin\langServerInstall\server\lib\kotlin-scripting-common-2.1.0.jar;c:\Users\ahrorov\AppData\Roaming\Cursor\User\globalStorage\fwcd.kotlin\langServerInstall\server\lib\kotlinx-coroutines-core-jvm-1.6.4.jar;c:\Users\ahrorov\AppData\Roaming\Cursor\User\globalStorage\fwcd.kotlin\langServerInstall\server\lib\kotlin-stdlib-jdk8-2.1.0.jar;c:\Users\ahrorov\AppData\Roaming\Cursor\User\globalStorage\fwcd.kotlin\langServerInstall\server\lib\kotlin-stdlib-jdk7-2.1.0.jar;c:\Users\ahrorov\AppData\Roaming\Cursor\User\globalStorage\fwcd.kotlin\langServerInstall\server\lib\kotlin-stdlib-2.1.0.jar;c:\Users\ahrorov\AppData\Roaming\Cursor\User\globalStorage\fwcd.kotlin\langServerInstall\server\lib\org.eclipse.lsp4j-0.21.2.jar;c:\Users\ahrorov\AppData\Roaming\Cursor\User\globalStorage\fwcd.kotlin\langServerInstall\server\lib\org.eclipse.lsp4j.jsonrpc-0.21.2.jar;c:\Users\ahrorov\AppData\Roaming\Cursor\User\globalStorage\fwcd.kotlin\langServerInstall\server\lib\kotlin-sam-with-receiver-compiler-plugin-2.1.0.jar;c:\Users\ahrorov\AppData\Roaming\Cursor\User\globalStorage\fwcd.kotlin\langServerInstall\server\lib\fernflower-1.0.jar;c:\Users\ahrorov\AppData\Roaming\Cursor\User\globalStorage\fwcd.kotlin\langServerInstall\server\lib\h2-1.4.200.jar;c:\Users\ahrorov\AppData\Roaming\Cursor\User\globalStorage\fwcd.kotlin\langServerInstall\server\lib\jcommander-1.78.jar;c:\Users\ahrorov\AppData\Roaming\Cursor\User\globalStorage\fwcd.kotlin\langServerInstall\server\lib\sqlite-jdbc-3.41.2.1.jar;c:\Users\ahrorov\AppData\Roaming\Cursor\User\globalStorage\fwcd.kotlin\langServerInstall\server\lib\google-java-format-1.8.jar;c:\Users\ahrorov\AppData\Roaming\Cursor\User\globalStorage\fwcd.kotlin\langServerInstall\server\lib\guava-33.3.0-jre.jar;c:\Users\ahrorov\AppData\Roaming\Cursor\User\globalStorage\fwcd.kotlin\langServerInstall\server\lib\annotations-13.0.jar;c:\Users\ahrorov\AppData\Roaming\Cursor\User\globalStorage\fwcd.kotlin\langServerInstall\server\lib\gson-2.10.1.jar;c:\Users\ahrorov\AppData\Roaming\Cursor\User\globalStorage\fwcd.kotlin\langServerInstall\server\lib\kotlin-script-runtime-2.1.0.jar;c:\Users\ahrorov\AppData\Roaming\Cursor\User\globalStorage\fwcd.kotlin\langServerInstall\server\lib\trove4j-1.0.20200330.jar;c:\Users\ahrorov\AppData\Roaming\Cursor\User\globalStorage\fwcd.kotlin\langServerInstall\server\lib\jline-3.24.1.jar;c:\Users\ahrorov\AppData\Roaming\Cursor\User\globalStorage\fwcd.kotlin\langServerInstall\server\lib\slf4j-api-1.7.25.jar;c:\Users\ahrorov\AppData\Roaming\Cursor\User\globalStorage\fwcd.kotlin\langServerInstall\server\lib\jna-4.2.2.jar;c:\Users\ahrorov\AppData\Roaming\Cursor\User\globalStorage\fwcd.kotlin\langServerInstall\server\lib\failureaccess-1.0.2.jar;c:\Users\ahrorov\AppData\Roaming\Cursor\User\globalStorage\fwcd.kotlin\langServerInstall\server\lib\listenablefuture-9999.0-empty-to-avoid-conflict-with-guava.jar;c:\Users\ahrorov\AppData\Roaming\Cursor\User\globalStorage\fwcd.kotlin\langServerInstall\server\lib\jsr305-3.0.2.jar;c:\Users\ahrorov\AppData\Roaming\Cursor\User\globalStorage\fwcd.kotlin\langServerInstall\server\lib\checker-qual-3.43.0.jar;c:\Users\ahrorov\AppData\Roaming\Cursor\User\globalStorage\fwcd.kotlin\langServerInstall\server\lib\error_prone_annotations-2.28.0.jar
Launcher Type: SUN_STANDARD

[Global flags]
     intx CICompilerCount                          = 4                                         {product} {ergonomic}
     uint ConcGCThreads                            = 2                                         {product} {ergonomic}
     uint G1ConcRefinementThreads                  = 8                                         {product} {ergonomic}
   size_t G1HeapRegionSize                         = 4194304                                   {product} {ergonomic}
    uintx GCDrainStackTargetSize                   = 64                                        {product} {ergonomic}
   size_t InitialHeapSize                          = 402653184                                 {product} {ergonomic}
   size_t MarkStackSize                            = 4194304                                   {product} {ergonomic}
   size_t MaxHeapSize                              = 6379536384                                {product} {ergonomic}
   size_t MaxNewSize                               = 3825205248                                {product} {ergonomic}
   size_t MinHeapDeltaBytes                        = 4194304                                   {product} {ergonomic}
   size_t MinHeapSize                              = 8388608                                   {product} {ergonomic}
    uintx NonNMethodCodeHeapSize                   = 5839372                                {pd product} {ergonomic}
    uintx NonProfiledCodeHeapSize                  = 122909434                              {pd product} {ergonomic}
    uintx ProfiledCodeHeapSize                     = 122909434                              {pd product} {ergonomic}
    uintx ReservedCodeCacheSize                    = 251658240                              {pd product} {ergonomic}
     bool SegmentedCodeCache                       = true                                      {product} {ergonomic}
   size_t SoftMaxHeapSize                          = 6379536384                             {manageable} {ergonomic}
     bool UseCompressedOops                        = true                           {product lp64_product} {ergonomic}
     bool UseG1GC                                  = true                                      {product} {ergonomic}
     bool UseLargePagesIndividualAllocation        = false                                  {pd product} {ergonomic}

Logging:
Log output configuration:
 #0: stdout all=warning uptime,level,tags foldmultilines=false
 #1: stderr all=off uptime,level,tags foldmultilines=false

Environment Variables:
CLASSPATH=c:\Users\ahrorov\AppData\Roaming\Cursor\User\globalStorage\fwcd.kotlin\langServerInstall\server\lib\server-1.3.13.jar;c:\Users\ahrorov\AppData\Roaming\Cursor\User\globalStorage\fwcd.kotlin\langServerInstall\server\lib\shared-1.3.13.jar;c:\Users\ahrorov\AppData\Roaming\Cursor\User\globalStorage\fwcd.kotlin\langServerInstall\server\lib\kotlin-scripting-jvm-host-unshaded-2.1.0.jar;c:\Users\ahrorov\AppData\Roaming\Cursor\User\globalStorage\fwcd.kotlin\langServerInstall\server\lib\kotlin-scripting-compiler-2.1.0.jar;c:\Users\ahrorov\AppData\Roaming\Cursor\User\globalStorage\fwcd.kotlin\langServerInstall\server\lib\ktfmt-b5d31d1.jar;c:\Users\ahrorov\AppData\Roaming\Cursor\User\globalStorage\fwcd.kotlin\langServerInstall\server\lib\kotlin-compiler-2.1.0.jar;c:\Users\ahrorov\AppData\Roaming\Cursor\User\globalStorage\fwcd.kotlin\langServerInstall\server\lib\exposed-dao-0.37.3.jar;c:\Users\ahrorov\AppData\Roaming\Cursor\User\globalStorage\fwcd.kotlin\langServerInstall\server\lib\exposed-jdbc-0.37.3.jar;c:\Users\ahrorov\AppData\Roaming\Cursor\User\globalStorage\fwcd.kotlin\langServerInstall\server\lib\exposed-core-0.37.3.jar;c:\Users\ahrorov\AppData\Roaming\Cursor\User\globalStorage\fwcd.kotlin\langServerInstall\server\lib\kotlin-scripting-compiler-impl-2.1.0.jar;c:\Users\ahrorov\AppData\Roaming\Cursor\User\globalStorage\fwcd.kotlin\langServerInstall\server\lib\kotlin-reflect-2.1.0.jar;c:\Users\ahrorov\AppData\Roaming\Cursor\User\globalStorage\fwcd.kotlin\langServerInstall\server\lib\kotlin-scripting-jvm-2.1.0.jar;c:\Users\ahrorov\AppData\Roaming\Cursor\User\globalStorage\fwcd.kotlin\langServerInstall\server\lib\kotlin-scripting-common-2.1.0.jar;c:\Users\ahrorov\AppData\Roaming\Cursor\User\globalStorage\fwcd.kotlin\langServerInstall\server\lib\kotlinx-coroutines-core-jvm-1.6.4.jar;c:\Users\ahrorov\AppData\Roaming\Cursor\User\globalStorage\fwcd.kotlin\langServerInstall\server\lib\kotlin-stdlib-jdk8-2.1.0.jar;c:\Users\ahrorov\AppData\Roaming\Cursor\User\globalStorage\fwcd.kotlin\langServerInstall\server\lib\kotlin-stdlib-jdk7-2.1.0.jar;c:\Users\ahrorov\AppData\Roaming\Cursor\User\globalStorage\fwcd.kotlin\langServerInstall\server\lib\kotlin-stdlib-2.1.0.jar;c:\Users\ahrorov\AppData\Roaming\Cursor\User\globalStorage\fwcd.kotlin\langServerInstall\server\lib\org.eclipse.lsp4j-0.21.2.jar;c:\Users\ahrorov\AppData\Roaming\Cursor\User\globalStorage\fwcd.kotlin\langServerInstall\server\lib\org.eclipse.lsp4j.jsonrpc-0.21.2.jar;c:\Users\ahrorov\AppData\Roaming\Cursor\User\globalStorage\fwcd.kotlin\langServerInstall\server\lib\kotlin-sam-with-receiver-compiler-plugin-2.1.0.jar;c:\Users\ahrorov\AppData\Roaming\Cursor\User\globalStorage\fwcd.kotlin\langServerInstall\server\lib\fernflower-1.0.jar;c:\Users\ahrorov\AppData\Roaming\Cursor\User\globalStorage\fwcd.kotlin\langServerInstall\server\lib\h2-1.4.200.jar;c:\Users\ahrorov\AppData\Roaming\Cursor\User\globalStorage\fwcd.kotlin\langServerInstall\server\lib\jcommander-1.78.jar;c:\Users\ahrorov\AppData\Roaming\Cursor\User\globalStorage\fwcd.kotlin\langServerInstall\server\lib\sqlite-jdbc-3.41.2.1.jar;c:\Users\ahrorov\AppData\Roaming\Cursor\User\globalStorage\fwcd.kotlin\langServerInstall\server\lib\google-java-format-1.8.jar;c:\Users\ahrorov\AppData\Roaming\Cursor\User\globalStorage\fwcd.kotlin\langServerInstall\server\lib\guava-33.3.0-jre.jar;c:\Users\ahrorov\AppData\Roaming\Cursor\User\globalStorage\fwcd.kotlin\langServerInstall\server\lib\annotations-13.0.jar;c:\Users\ahrorov\AppData\Roaming\Cursor\User\globalStorage\fwcd.kotlin\langServerInstall\server\lib\gson-2.10.1.jar;c:\Users\ahrorov\AppData\Roaming\Cursor\User\globalStorage\fwcd.kotlin\langServerInstall\server\lib\kotlin-script-runtime-2.1.0.jar;c:\Users\ahrorov\AppData\Roaming\Cursor\User\globalStorage\fwcd.kotlin\langServerInstall\server\lib\trove4j-1.0.20200330.jar;c:\Users\ahrorov\AppData\Roaming\Cursor\User\globalStorage\fwcd.kotlin\langServerInstall\server\lib\jline-3.24.1.jar;c:\Users\ahrorov\AppData\Roaming\Cursor\User\globalStorage\fwcd.kotlin\langServerInstall\server\lib\slf4j-api-1.7.25.jar;c:\Users\ahrorov\AppData\Roaming\Cursor\User\globalStorage\fwcd.kotlin\langServerInstall\server\lib\jna-4.2.2.jar;c:\Users\ahrorov\AppData\Roaming\Cursor\User\globalStorage\fwcd.kotlin\langServerInstall\server\lib\failureaccess-1.0.2.jar;c:\Users\ahrorov\AppData\Roaming\Cursor\User\globalStorage\fwcd.kotlin\langServerInstall\server\lib\listenablefuture-9999.0-empty-to-avoid-conflict-with-guava.jar;c:\Users\ahrorov\AppData\Roaming\Cursor\User\globalStorage\fwcd.kotlin\langServerInstall\server\lib\jsr305-3.0.2.jar;c:\Users\ahrorov\AppData\Roaming\Cursor\User\globalStorage\fwcd.kotlin\langServerInstall\server\lib\checker-qual-3.43.0.jar;c:\Users\ahrorov\AppData\Roaming\Cursor\User\globalStorage\fwcd.kotlin\langServerInstall\server\lib\error_prone_annotations-2.28.0.jar
PATH=C:\Python313\Scripts\;C:\Python313\;c:\Users\ahrorov\AppData\Local\Programs\cursor\resources\app\bin;C:\Users\ahrorov\AppData\Local\Yandex\YandexBrowser\Application;C:\Program Files\Common Files\Oracle\Java\javapath;C:\windows\system32;C:\windows;C:\windows\System32\Wbem;C:\windows\System32\WindowsPowerShell\v1.0\;C:\windows\System32\OpenSSH\;C:\WINDOWS\system32;C:\WINDOWS;C:\WINDOWS\System32\Wbem;C:\WINDOWS\System32\WindowsPowerShell\v1.0\;C:\WINDOWS\System32\OpenSSH\;C:\Program Files\Go\bin;C:\Program Files\HP\HP One Agent;C:\Program Files\dotnet\;C:\Program Files\NVIDIA Corporation\NVIDIA app\NvDLISR;C:\Program Files (x86)\NVIDIA Corporation\PhysX\Common;C:\ProgramData\chocolatey\bin;C:\Program Files (x8;C:\Program Files\Docker\Docker\resources\bin;C:\Users\ahrorov\AppData\Local\nvm;C:\nvm4w\nodejs;C:\Program Files\nodejs\;C:\Program Files\Git\cmd;C:\Program Files (x86)\Windows Kits\10\Windows Performance Toolkit\;C:\WINDOWS\system32;C:\WINDOWS;C:\WINDOWS\System32\Wbem;C:\WINDOWS\System32\WindowsPowerShell\v1.0\;C:\WINDOWS\System32\OpenSSH\;C:\Program Files\cursor\resources\app\bin;C:\Users\ahrorov\.cargo\bin;C:\windows\system32;C:\windows;C:\windows\System32\Wbem;C:\windows\System32\WindowsPowerShell\v1.0\;C:\windows\System32\OpenSSH\;C:\Program Files (x86)\NVIDIA Corporation\PhysX\Common;C:\Program Files\NVIDIA Corporation\NVIDIA NvDLISR;C:\Program Files\Git\cmd;C:\WINDOWS\system32;C:\WINDOWS;C:\WINDOWS\System32\Wbem;C:\WINDOWS\System32\WindowsPowerShell\v1.0\;C:\WINDOWS\System32\OpenSSH\;C:\Program Files\Go\bin;C:\Program Files\HP\HP One Agent;C:\Users\ahrorov\AppData\Local\Programs\Python\Python312\Scripts\;C:\Users\ahrorov\AppData\Local\Programs\Python\Python312\;C:\Users\ahrorov\AppData\Local\Microsoft\WindowsApps;C:\Users\ahrorov\AppData\Local\Programs\Microsoft VS Code\bin;C:\Users\ahrorov\go\bin;C:\Program Files\heroku\bin;C:\Program Files\Heroku\bin;C:\Users\ahrorov\AppData\Local\Microsoft\WindowsApps;C:\Users\ahrorov\AppData\Local\Programs\cursor\resources\app\bin;C:\Users\ahrorov\AppData\Roaming\npm;C:\Users\ahrorov\AppData\Local\nvm;C:\nvm4w\nodejs;C:\Users\ahrorov\.dotnet\tools;
USERNAME=ahrorov
OS=Windows_NT
PROCESSOR_IDENTIFIER=Intel64 Family 6 Model 140 Stepping 1, GenuineIntel
TMP=C:\Users\ahrorov\AppData\Local\Temp
TEMP=C:\Users\ahrorov\AppData\Local\Temp




Periodic native trim disabled

---------------  S Y S T E M  ---------------

OS:
 Windows 11 , 64 bit Build 26100 (10.0.26100.6725)
OS uptime: 0 days 22:46 hours
Hyper-V role detected

CPU: total 8 (initial active 8) (4 cores per cpu, 2 threads per core) family 6 model 140 stepping 1 microcode 0xa4, cx8, cmov, fxsr, ht, mmx, 3dnowpref, sse, sse2, sse3, ssse3, sse4.1, sse4.2, popcnt, lzcnt, tsc, tscinvbit, avx, avx2, aes, erms, clmul, bmi1, bmi2, adx, avx512f, avx512dq, avx512cd, avx512bw, avx512vl, sha, fma, vzeroupper, avx512_vpopcntdq, avx512_vpclmulqdq, avx512_vaes, avx512_vnni, clflush, clflushopt, clwb, avx512_vbmi2, avx512_vbmi, hv, rdtscp, rdpid, fsrm, gfni, avx512_bitalg, f16c, cet_ibt, cet_ss, avx512_ifma
Processor Information for all 8 processors :
  Max Mhz: 3110, Current Mhz: 3110, Mhz Limit: 3110

Memory: 4k page, system-wide physical 24321M (6689M free)
TotalPageFile size 30785M (AvailPageFile size 5290M)
current process WorkingSet (physical memory assigned to process): 963M, peak: 967M
current process commit charge ("private bytes"): 999M, peak: 1187M

vm_info: Java HotSpot(TM) 64-Bit Server VM (21.0.4+8-LTS-274) for windows-amd64 JRE (21.0.4+8-LTS-274), built on 2024-06-05T05:23:33Z by "mach5one" with MS VC++ 17.6 (VS2022)

END.
